99.06.12 15:10 B D:\Comm\KJS-HTML\Pinhole\back.jpg --> hia.net /kjsmith/pinhole back.jpg
99.06.12 15:10 B D:\Comm\KJS-HTML\Pinhole\etalors.htm --> hia.net /kjsmith/pinhole etalors.htm
99.06.12 15:11 B D:\Comm\KJS-HTML\Pinhole\EtAlors.jpg --> hia.net /kjsmith/pinhole EtAlors.jpg
99.06.12 15:11 B D:\Comm\KJS-HTML\Pinhole\p1overpass.htm --> hia.net /kjsmith/pinhole p1overpass.htm
99.06.12 15:11 B D:\Comm\KJS-HTML\Pinhole\p1Overpass.jpg --> hia.net /kjsmith/pinhole p1Overpass.jpg
99.06.12 15:11 B D:\Comm\KJS-HTML\Pinhole\p1stilllife.htm --> hia.net /kjsmith/pinhole p1stilllife.htm
99.06.12 15:12 B D:\Comm\KJS-HTML\Pinhole\p1Stilllife.jpg --> hia.net /kjsmith/pinhole p1Stilllife.jpg
99.06.12 15:12 B D:\Comm\KJS-HTML\Pinhole\p1tree.htm --> hia.net /kjsmith/pinhole p1tree.htm
99.06.12 15:12 B D:\Comm\KJS-HTML\Pinhole\p1Tree.jpg --> hia.net /kjsmith/pinhole p1Tree.jpg
99.06.12 15:12 B D:\Comm\KJS-HTML\Pinhole\p2bellview.htm --> hia.net /kjsmith/pinhole p2bellview.htm
99.06.12 15:13 B D:\Comm\KJS-HTML\Pinhole\p2Bellview.jpg --> hia.net /kjsmith/pinhole p2Bellview.jpg
99.06.12 15:13 B D:\Comm\KJS-HTML\Pinhole\p2locomotive.htm --> hia.net /kjsmith/pinhole p2locomotive.htm
99.06.12 15:13 B D:\Comm\KJS-HTML\Pinhole\p2locomotive.jpg --> hia.net /kjsmith/pinhole p2locomotive.jpg
99.06.12 15:13 B D:\Comm\KJS-HTML\Pinhole\p2rice.htm --> hia.net /kjsmith/pinhole p2rice.htm
99.06.12 15:13 B D:\Comm\KJS-HTML\Pinhole\p2Rice.jpg --> hia.net /kjsmith/pinhole p2Rice.jpg
99.06.12 15:13 B D:\Comm\KJS-HTML\Pinhole\p2sunflowers.htm --> hia.net /kjsmith/pinhole p2sunflowers.htm
99.06.12 15:14 B D:\Comm\KJS-HTML\Pinhole\p2sunflowers.jpg --> hia.net /kjsmith/pinhole p2sunflowers.jpg
99.06.12 15:14 B D:\Comm\KJS-HTML\Pinhole\p2vw.htm --> hia.net /kjsmith/pinhole p2vw.htm
99.06.12 15:14 B D:\Comm\KJS-HTML\Pinhole\p2Vw.jpg --> hia.net /kjsmith/pinhole p2Vw.jpg
99.06.12 15:14 B D:\Comm\KJS-HTML\Pinhole\photos.gif --> hia.net /kjsmith/pinhole photos.gif
99.06.12 15:14 B D:\Comm\KJS-HTML\Pinhole\pin0.htm --> hia.net /kjsmith/pinhole pin0.htm
99.06.12 15:14 B D:\Comm\KJS-HTML\Pinhole\pin1.htm --> hia.net /kjsmith/pinhole pin1.htm
99.06.12 15:14 B D:\Comm\KJS-HTML\Pinhole\pin2.htm --> hia.net /kjsmith/pinhole pin2.htm
99.06.12 15:15 B D:\Comm\KJS-HTML\Pinhole\t1Overpass.jpg --> hia.net /kjsmith/pinhole t1Overpass.jpg
99.06.12 15:15 B D:\Comm\KJS-HTML\Pinhole\t1Stilllife.jpg --> hia.net /kjsmith/pinhole t1Stilllife.jpg
99.06.12 15:15 B D:\Comm\KJS-HTML\Pinhole\t1Tree.jpg --> hia.net /kjsmith/pinhole t1Tree.jpg
99.06.12 15:15 B D:\Comm\KJS-HTML\Pinhole\t2Bellview.jpg --> hia.net /kjsmith/pinhole t2Bellview.jpg
99.06.12 15:15 B D:\Comm\KJS-HTML\Pinhole\t2locomotive.jpg --> hia.net /kjsmith/pinhole t2locomotive.jpg
99.06.12 15:15 B D:\Comm\KJS-HTML\Pinhole\t2Rice.jpg --> hia.net /kjsmith/pinhole t2Rice.jpg
99.06.12 15:15 B D:\Comm\KJS-HTML\Pinhole\t2sunflowers.jpg --> hia.net /kjsmith/pinhole t2sunflowers.jpg
99.06.12 15:15 B D:\Comm\KJS-HTML\Pinhole\t2Vw.jpg --> hia.net /kjsmith/pinhole t2Vw.jpg
99.06.12 15:15 B D:\Comm\KJS-HTML\Pinhole\tEtAlors.jpg --> hia.net /kjsmith/pinhole tEtAlors.jpg
99.06.12 15:16 B D:\Comm\KJS-HTML\Pinhole\vwbeep.wav --> hia.net /kjsmith/pinhole vwbeep.wav
99.06.12 15:18 B D:\Comm\KJS-HTML\Pinhole\katytrain.wav --> hia.net /kjsmith/pinhole katytrain.wav
99.06.12 16:33 B D:\Comm\KJS-HTML\Pinhole\etalors.htm --> hia.net /kjsmith/pinhole etalors.htm
99.06.12 16:33 B D:\Comm\KJS-HTML\Pinhole\p1overpass.htm --> hia.net /kjsmith/pinhole p1overpass.htm
99.06.12 16:33 B D:\Comm\KJS-HTML\Pinhole\p1stilllife.htm --> hia.net /kjsmith/pinhole p1stilllife.htm
99.06.12 16:33 B D:\Comm\KJS-HTML\Pinhole\p1tree.htm --> hia.net /kjsmith/pinhole p1tree.htm
99.06.12 16:33 B D:\Comm\KJS-HTML\Pinhole\p2bellview.htm --> hia.net /kjsmith/pinhole p2bellview.htm
99.06.12 16:33 B D:\Comm\KJS-HTML\Pinhole\p2locomotive.htm --> hia.net /kjsmith/pinhole p2locomotive.htm
99.06.12 16:33 B D:\Comm\KJS-HTML\Pinhole\p2rice.htm --> hia.net /kjsmith/pinhole p2rice.htm
99.06.12 16:33 B D:\Comm\KJS-HTML\Pinhole\p2sunflowers.htm --> hia.net /kjsmith/pinhole p2sunflowers.htm
99.06.12 16:33 B D:\Comm\KJS-HTML\Pinhole\p2vw.htm --> hia.net /kjsmith/pinhole p2vw.htm
99.06.12 16:33 B D:\Comm\KJS-HTML\Pinhole\pin2.htm --> hia.net /kjsmith/pinhole pin2.htm
99.06.12 19:16 B D:\Comm\KJS-HTML\Pinhole\p2sunflowers.htm --> hia.net /kjsmith/pinhole p2sunflowers.htm
99.06.12 19:19 B D:\Comm\KJS-HTML\Pinhole\p1tree.htm --> hia.net /kjsmith/pinhole p1tree.htm
99.06.12 19:20 B D:\Comm\KJS-HTML\Pinhole\pin1.htm --> hia.net /kjsmith/pinhole pin1.htm
99.06.12 19:21 B D:\Comm\KJS-HTML\Pinhole\pin2.htm --> hia.net /kjsmith/pinhole pin2.htm
99.06.12 19:22 B D:\Comm\KJS-HTML\Pinhole\pin2.htm --> hia.net /kjsmith/pinhole pin2.htm
99.06.22 22:58 B D:\Comm\KJS-HTML\Pinhole\etalors.htm --> hia.net /kjsmith/pinhole etalors.htm
99.06.22 22:58 B D:\Comm\KJS-HTML\Pinhole\p1overpass.htm --> hia.net /kjsmith/pinhole p1overpass.htm
99.06.22 22:58 B D:\Comm\KJS-HTML\Pinhole\p1stilllife.htm --> hia.net /kjsmith/pinhole p1stilllife.htm
99.06.22 22:58 B D:\Comm\KJS-HTML\Pinhole\p1tree.htm --> hia.net /kjsmith/pinhole p1tree.htm
99.06.22 22:58 B D:\Comm\KJS-HTML\Pinhole\p2bellview.htm --> hia.net /kjsmith/pinhole p2bellview.htm
99.06.22 22:58 B D:\Comm\KJS-HTML\Pinhole\p2locomotive.htm --> hia.net /kjsmith/pinhole p2locomotive.htm
99.06.22 22:58 B D:\Comm\KJS-HTML\Pinhole\p2rice.htm --> hia.net /kjsmith/pinhole p2rice.htm
99.06.22 22:58 B D:\Comm\KJS-HTML\Pinhole\p2sunflowers.htm --> hia.net /kjsmith/pinhole p2sunflowers.htm
99.06.22 22:58 B D:\Comm\KJS-HTML\Pinhole\p2vw.htm --> hia.net /kjsmith/pinhole p2vw.htm
99.06.22 22:58 B D:\Comm\KJS-HTML\Pinhole\pin0.htm --> hia.net /kjsmith/pinhole pin0.htm
99.06.22 22:58 B D:\Comm\KJS-HTML\Pinhole\pin1.htm --> hia.net /kjsmith/pinhole pin1.htm
99.06.22 22:58 B D:\Comm\KJS-HTML\Pinhole\pin2.htm --> hia.net /kjsmith/pinhole pin2.htm
99.06.26 21:42 B D:\Comm\KJS-HTML\Pinhole\pin0.htm --> hia.net /kjsmith/pinhole pin0.htm
99.06.26 22:04 B D:\Comm\KJS-HTML\Pinhole\p2sunflowers.htm --> hia.net /kjsmith/pinhole p2sunflowers.htm
99.06.26 22:05 B D:\Comm\KJS-HTML\Pinhole\p2sunflowers.jpg --> hia.net /kjsmith/pinhole p2sunflowers.jpg
99.06.26 22:06 B D:\Comm\KJS-HTML\Pinhole\p2sunflowers.htm --> hia.net /kjsmith/pinhole p2sunflowers.htm
99.06.26 22:11 B D:\Comm\KJS-HTML\Pinhole\t2sunflowers.jpg --> hia.net /kjsmith/pinhole t2sunflowers.jpg
99.07.29 21:21 B D:\Comm\KJS-HTML\Pinhole\p3church.htm --> hia.net /kjsmith/pinhole p3church.htm
99.07.29 21:21 B D:\Comm\KJS-HTML\Pinhole\p3church.jpg --> hia.net /kjsmith/pinhole p3church.jpg
99.07.29 21:21 B D:\Comm\KJS-HTML\Pinhole\p3dof.htm --> hia.net /kjsmith/pinhole p3dof.htm
99.07.29 21:21 B D:\Comm\KJS-HTML\Pinhole\p3dof.jpg --> hia.net /kjsmith/pinhole p3dof.jpg
99.07.29 21:21 B D:\Comm\KJS-HTML\Pinhole\p4adams.htm --> hia.net /kjsmith/pinhole p4adams.htm
99.07.29 21:21 B D:\Comm\KJS-HTML\Pinhole\p4adams.jpg --> hia.net /kjsmith/pinhole p4adams.jpg
99.07.29 21:21 B D:\Comm\KJS-HTML\Pinhole\p4falls.htm --> hia.net /kjsmith/pinhole p4falls.htm
99.07.29 21:21 B D:\Comm\KJS-HTML\Pinhole\p4falls.jpg --> hia.net /kjsmith/pinhole p4falls.jpg
99.07.29 21:21 B D:\Comm\KJS-HTML\Pinhole\pin1.htm --> hia.net /kjsmith/pinhole pin1.htm
99.07.29 21:21 B D:\Comm\KJS-HTML\Pinhole\t3church.jpg --> hia.net /kjsmith/pinhole t3church.jpg
99.07.29 21:21 B D:\Comm\KJS-HTML\Pinhole\t3dof.jpg --> hia.net /kjsmith/pinhole t3dof.jpg
99.07.29 21:21 B D:\Comm\KJS-HTML\Pinhole\t4adams.jpg --> hia.net /kjsmith/pinhole t4adams.jpg
99.07.29 21:22 B D:\Comm\KJS-HTML\Pinhole\t4falls.jpg --> hia.net /kjsmith/pinhole t4falls.jpg
99.07.29 21:23 B D:\Comm\KJS-HTML\Pinhole\p3church.jpg --> hia.net /kjsmith/pinhole p3church.jpg
99.07.29 21:24 B D:\Comm\KJS-HTML\Pinhole\p3dof.jpg --> hia.net /kjsmith/pinhole p3dof.jpg
99.07.29 21:24 B D:\Comm\KJS-HTML\Pinhole\p4adams.jpg --> hia.net /kjsmith/pinhole p4adams.jpg
99.07.29 21:24 B D:\Comm\KJS-HTML\Pinhole\p4falls.jpg --> hia.net /kjsmith/pinhole p4falls.jpg
99.07.29 21:43 B D:\Comm\KJS-HTML\Pinhole\p3church.htm --> hia.net /kjsmith/pinhole p3church.htm
99.07.29 21:43 B D:\Comm\KJS-HTML\Pinhole\p3dof.htm --> hia.net /kjsmith/pinhole p3dof.htm
99.07.29 21:43 B D:\Comm\KJS-HTML\Pinhole\p4adams.htm --> hia.net /kjsmith/pinhole p4adams.htm
99.07.29 21:43 B D:\Comm\KJS-HTML\Pinhole\p4falls.htm --> hia.net /kjsmith/pinhole p4falls.htm
99.07.30 10:27 B D:\Comm\KJS-HTML\Pinhole\p4rainier.htm --> hia.net /kjsmith/pinhole p4rainier.htm
99.07.30 10:27 B D:\Comm\KJS-HTML\Pinhole\p4rainier.jpg --> hia.net /kjsmith/pinhole p4rainier.jpg
99.07.30 10:27 B D:\Comm\KJS-HTML\Pinhole\t4rainier.jpg --> hia.net /kjsmith/pinhole t4rainier.jpg
99.07.30 10:27 B D:\Comm\KJS-HTML\Pinhole\p4rainier.jpg --> hia.net /kjsmith/pinhole p4rainier.jpg
99.07.30 10:28 B D:\Comm\KJS-HTML\Pinhole\pin1.htm --> hia.net /kjsmith/pinhole pin1.htm
99.07.30 10:33 B D:\Comm\KJS-HTML\Pinhole\pin1.htm --> hia.net /kjsmith/pinhole pin1.htm
99.07.31 11:59 B D:\Comm\KJS-HTML\Pinhole\p4falls.jpg --> hia.net /kjsmith/pinhole p4falls.jpg
99.07.31 11:59 B D:\Comm\KJS-HTML\Pinhole\t4falls.jpg --> hia.net /kjsmith/pinhole t4falls.jpg
99.07.31 23:19 B D:\Comm\KJS-HTML\Pinhole\pin1.htm --> hia.net /kjsmith/pinhole pin1.htm
99.08.01 11:09 B D:\Comm\KJS-HTML\Pinhole\p4falls.jpg --> hia.net /kjsmith/pinhole p4falls.jpg
99.08.01 11:09 B D:\Comm\KJS-HTML\Pinhole\t4falls.jpg --> hia.net /kjsmith/pinhole t4falls.jpg
99.08.01 11:10 B D:\Comm\KJS-HTML\Pinhole\p4falls.jpg --> hia.net /kjsmith/pinhole p4falls.jpg
99.08.01 11:16 B D:\Comm\KJS-HTML\Pinhole\p3church.htm --> hia.net /kjsmith/pinhole p3church.htm
99.08.01 11:16 B D:\Comm\KJS-HTML\Pinhole\p4adams.htm --> hia.net /kjsmith/pinhole p4adams.htm
99.08.01 11:16 B D:\Comm\KJS-HTML\Pinhole\p4falls.htm --> hia.net /kjsmith/pinhole p4falls.htm
99.08.01 11:16 B D:\Comm\KJS-HTML\Pinhole\p4rainier.htm --> hia.net /kjsmith/pinhole p4rainier.htm
99.08.16 21:09 B D:\Comm\KJS-HTML\Pinhole\p4falls.jpg --> hia.net /kjsmith/pinhole p4falls.jpg
99.08.16 21:15 B D:\Comm\KJS-HTML\Pinhole\t4falls.jpg --> hia.net /kjsmith/pinhole t4falls.jpg
99.08.16 21:42 B D:\Comm\KJS-HTML\Pinhole\pin1.htm --> hia.net /kjsmith/pinhole pin1.htm
99.11.13 17:22 B D:\Comm\KJS-HTML\Pinhole\pin1.htm --> hia.net /kjsmith/pinhole pin1.htm
99.11.13 17:22 B D:\Comm\KJS-HTML\Pinhole\p1overpass.htm --> hia.net /kjsmith/pinhole p1overpass.htm
99.11.13 17:22 B D:\Comm\KJS-HTML\Pinhole\etalors.htm --> hia.net /kjsmith/pinhole etalors.htm
99.11.13 17:22 B D:\Comm\KJS-HTML\Pinhole\p1stilllife.htm --> hia.net /kjsmith/pinhole p1stilllife.htm
99.11.13 17:22 B D:\Comm\KJS-HTML\Pinhole\p3dof.htm --> hia.net /kjsmith/pinhole p3dof.htm
99.11.13 17:22 B D:\Comm\KJS-HTML\Pinhole\p4adams.htm --> hia.net /kjsmith/pinhole p4adams.htm
99.11.13 17:22 B D:\Comm\KJS-HTML\Pinhole\p2rice.htm --> hia.net /kjsmith/pinhole p2rice.htm
99.11.13 17:22 B D:\Comm\KJS-HTML\Pinhole\p2sunflowers.htm --> hia.net /kjsmith/pinhole p2sunflowers.htm
99.11.13 17:22 B D:\Comm\KJS-HTML\Pinhole\p3church.htm --> hia.net /kjsmith/pinhole p3church.htm
99.11.13 17:22 B D:\Comm\KJS-HTML\Pinhole\p2bellview.htm --> hia.net /kjsmith/pinhole p2bellview.htm
99.11.13 17:22 B D:\Comm\KJS-HTML\Pinhole\p2locomotive.htm --> hia.net /kjsmith/pinhole p2locomotive.htm
99.11.13 17:22 B D:\Comm\KJS-HTML\Pinhole\p2vw.htm --> hia.net /kjsmith/pinhole p2vw.htm
99.11.13 17:22 B D:\Comm\KJS-HTML\Pinhole\p4falls.htm --> hia.net /kjsmith/pinhole p4falls.htm
99.11.13 17:22 B D:\Comm\KJS-HTML\Pinhole\p4rainier.htm --> hia.net /kjsmith/pinhole p4rainier.htm
99.12.20 13:42 B D:\Comm\KJS-HTML\Pinhole\pin0.htm --> hia.net /kjsmith/pinhole pin0.htm
99.12.20 13:42 B D:\Comm\KJS-HTML\Pinhole\pin1.htm --> hia.net /kjsmith/pinhole pin1.htm
99.12.20 13:42 B D:\Comm\KJS-HTML\Pinhole\pin2.htm --> hia.net /kjsmith/pinhole pin2.htm
100.05.08 19:43 B D:\Comm\KJS-HTML\Pinhole\p5ir.jpg --> hia.net /kjsmith/pinhole p5ir.jpg
100.05.08 19:43 B D:\Comm\KJS-HTML\Pinhole\p5irreg.htm --> hia.net /kjsmith/pinhole p5irreg.htm
100.05.08 19:43 B D:\Comm\KJS-HTML\Pinhole\p5irth.jpg --> hia.net /kjsmith/pinhole p5irth.jpg
100.05.08 19:43 B D:\Comm\KJS-HTML\Pinhole\p5vw.htm --> hia.net /kjsmith/pinhole p5vw.htm
100.05.08 19:43 B D:\Comm\KJS-HTML\Pinhole\p5vw.jpg --> hia.net /kjsmith/pinhole p5vw.jpg
100.05.08 19:43 B D:\Comm\KJS-HTML\Pinhole\p5vwth.jpg --> hia.net /kjsmith/pinhole p5vwth.jpg
100.05.08 19:43 B D:\Comm\KJS-HTML\Pinhole\pin1.htm --> hia.net /kjsmith/pinhole pin1.htm
100.08.16 20:34 B D:\Comm\KJS-HTML\Pinhole\p5vw.jpg --> hia.net /kjsmith/pinhole p5vw.jpg
100.08.16 20:34 B D:\Comm\KJS-HTML\Pinhole\p5vwth.jpg --> hia.net /kjsmith/pinhole p5vwth.jpg
101.08.24 18:48 B D:\Comm\KJS-HTML\Pinhole\p7bolt.htm --> hia.net /kjsmith/pinhole p7bolt.htm
101.08.24 18:48 B D:\Comm\KJS-HTML\Pinhole\p7bolt.jpg --> hia.net /kjsmith/pinhole p7bolt.jpg
101.08.24 18:48 B D:\Comm\KJS-HTML\Pinhole\p7bolt0.jpg --> hia.net /kjsmith/pinhole p7bolt0.jpg
101.08.24 18:48 B D:\Comm\KJS-HTML\Pinhole\pin1.htm --> hia.net /kjsmith/pinhole pin1.htm
101.08.24 18:52 B D:\Comm\KJS-HTML\Pinhole\pin1.htm --> hia.net /kjsmith/pinhole pin1.htm
