99.02.26 20:03 B D:\Comm\KJS-HTML\Beer\jamstel.htm --> hia.net /kjsmith/beer jamstel.htm
99.02.26 20:13 B D:\Comm\KJS-HTML\Beer\jamstel.htm --> hia.net /kjsmith/beer jamstel.htm
99.02.26 20:14 B D:\Comm\KJS-HTML\Beer\jamstel.htm --> hia.net /kjsmith/beer jamstel.htm
99.02.26 20:24 B D:\Comm\KJS-HTML\Beer\jamstel.htm --> hia.net /kjsmith/beer jamstel.htm
99.03.05 20:25 B D:\Comm\KJS-HTML\Beer\beer0.htm --> hia.net /kjsmith/beer beer0.htm
99.03.05 20:25 B D:\Comm\KJS-HTML\Beer\beer1.htm --> hia.net /kjsmith/beer beer1.htm
99.03.05 20:25 B D:\Comm\KJS-HTML\Beer\beer2.htm --> hia.net /kjsmith/beer beer2.htm
99.03.05 20:25 B D:\Comm\KJS-HTML\Beer\shinerss.htm --> hia.net /kjsmith/beer shinerss.htm
99.03.05 20:25 B D:\Comm\KJS-HTML\Beer\shinerss.jpg --> hia.net /kjsmith/beer shinerss.jpg
99.03.11 21:24 B D:\Comm\KJS-HTML\Beer\BOLIVIAN.HTM --> hia.net /kjsmith/beer BOLIVIAN.HTM
99.03.11 21:24 B D:\Comm\KJS-HTML\Beer\PACENA.HTM --> hia.net /kjsmith/beer PACENA.HTM
99.03.11 21:37 B D:\Comm\KJS-HTML\Beer\BOLIVIAN.HTM --> hia.net /kjsmith/beer BOLIVIAN.HTM
99.03.11 21:37 B D:\Comm\KJS-HTML\Beer\PACENA.HTM --> hia.net /kjsmith/beer PACENA.HTM
99.06.12 16:27 B D:\Comm\KJS-HTML\Beer\Afflige.htm --> hia.net /kjsmith/beer Afflige.htm
99.06.12 16:27 B D:\Comm\KJS-HTML\Beer\AMSTEL.HTM --> hia.net /kjsmith/beer AMSTEL.HTM
99.06.12 16:27 B D:\Comm\KJS-HTML\Beer\anchor.htm --> hia.net /kjsmith/beer anchor.htm
99.06.12 16:27 B D:\Comm\KJS-HTML\Beer\ancre.htm --> hia.net /kjsmith/beer ancre.htm
99.06.12 16:27 B D:\Comm\KJS-HTML\Beer\arriaga.htm --> hia.net /kjsmith/beer arriaga.htm
99.06.12 16:27 B D:\Comm\KJS-HTML\Beer\ash.htm --> hia.net /kjsmith/beer ash.htm
99.06.12 16:27 B D:\Comm\KJS-HTML\Beer\BEER.HTM --> hia.net /kjsmith/beer BEER.HTM
99.06.12 16:27 B D:\Comm\KJS-HTML\Beer\beer0.htm --> hia.net /kjsmith/beer beer0.htm
99.06.12 16:27 B D:\Comm\KJS-HTML\Beer\beer1.htm --> hia.net /kjsmith/beer beer1.htm
99.06.12 16:27 B D:\Comm\KJS-HTML\Beer\beer2.htm --> hia.net /kjsmith/beer beer2.htm
99.06.12 16:27 B D:\Comm\KJS-HTML\Beer\BENINOIS.HTM --> hia.net /kjsmith/beer BENINOIS.HTM
99.06.12 16:27 B D:\Comm\KJS-HTML\Beer\BOLIVIAN.HTM --> hia.net /kjsmith/beer BOLIVIAN.HTM
99.06.12 16:27 B D:\Comm\KJS-HTML\Beer\brasil.htm --> hia.net /kjsmith/beer brasil.htm
99.06.12 16:27 B D:\Comm\KJS-HTML\Beer\budvar.htm --> hia.net /kjsmith/beer budvar.htm
99.06.12 16:27 B D:\Comm\KJS-HTML\Beer\c1tsingt.htm --> hia.net /kjsmith/beer c1tsingt.htm
99.06.12 16:27 B D:\Comm\KJS-HTML\Beer\Carib.htm --> hia.net /kjsmith/beer Carib.htm
99.06.12 16:27 B D:\Comm\KJS-HTML\Beer\CHIMAY.HTM --> hia.net /kjsmith/beer CHIMAY.HTM
99.06.12 16:27 B D:\Comm\KJS-HTML\Beer\cmeihe.htm --> hia.net /kjsmith/beer cmeihe.htm
99.06.12 16:27 B D:\Comm\KJS-HTML\Beer\corsaire.htm --> hia.net /kjsmith/beer corsaire.htm
99.06.12 16:27 B D:\Comm\KJS-HTML\Beer\csnowf.htm --> hia.net /kjsmith/beer csnowf.htm
99.06.12 16:27 B D:\Comm\KJS-HTML\Beer\ctiger.htm --> hia.net /kjsmith/beer ctiger.htm
99.06.12 16:27 B D:\Comm\KJS-HTML\Beer\dom.htm --> hia.net /kjsmith/beer dom.htm
99.06.12 16:27 B D:\Comm\KJS-HTML\Beer\ducal.htm --> hia.net /kjsmith/beer ducal.htm
99.06.12 16:27 B D:\Comm\KJS-HTML\Beer\DUVEL.HTM --> hia.net /kjsmith/beer DUVEL.HTM
99.06.12 16:27 B D:\Comm\KJS-HTML\Beer\farsons.htm --> hia.net /kjsmith/beer farsons.htm
99.06.12 16:27 B D:\Comm\KJS-HTML\Beer\Guinness.htm --> hia.net /kjsmith/beer Guinness.htm
99.06.12 16:27 B D:\Comm\KJS-HTML\Beer\HEINEKEN.HTM --> hia.net /kjsmith/beer HEINEKEN.HTM
99.06.12 16:27 B D:\Comm\KJS-HTML\Beer\hougaer.htm --> hia.net /kjsmith/beer hougaer.htm
99.06.12 16:27 B D:\Comm\KJS-HTML\Beer\imperial.htm --> hia.net /kjsmith/beer imperial.htm
99.06.12 16:27 B D:\Comm\KJS-HTML\Beer\jamstel.htm --> hia.net /kjsmith/beer jamstel.htm
99.06.12 16:27 B D:\Comm\KJS-HTML\Beer\janneke.htm --> hia.net /kjsmith/beer janneke.htm
99.06.12 16:27 B D:\Comm\KJS-HTML\Beer\KRONEN.HTM --> hia.net /kjsmith/beer KRONEN.HTM
99.06.12 16:27 B D:\Comm\KJS-HTML\Beer\kronen1.htm --> hia.net /kjsmith/beer kronen1.htm
99.06.12 16:27 B D:\Comm\KJS-HTML\Beer\kronen2.htm --> hia.net /kjsmith/beer kronen2.htm
99.06.12 16:27 B D:\Comm\KJS-HTML\Beer\kwak.htm --> hia.net /kjsmith/beer kwak.htm
99.06.12 16:27 B D:\Comm\KJS-HTML\Beer\kwiecien.htm --> hia.net /kjsmith/beer kwiecien.htm
99.06.12 16:27 B D:\Comm\KJS-HTML\Beer\leffe.htm --> hia.net /kjsmith/beer leffe.htm
99.06.12 16:27 B D:\Comm\KJS-HTML\Beer\LONESTAR.HTM --> hia.net /kjsmith/beer LONESTAR.HTM
99.06.12 16:27 B D:\Comm\KJS-HTML\Beer\MODELO.HTM --> hia.net /kjsmith/beer MODELO.HTM
99.06.12 16:27 B D:\Comm\KJS-HTML\Beer\mutzig1.htm --> hia.net /kjsmith/beer mutzig1.htm
99.06.12 16:27 B D:\Comm\KJS-HTML\Beer\NGOK.HTM --> hia.net /kjsmith/beer NGOK.HTM
99.06.12 16:27 B D:\Comm\KJS-HTML\Beer\NOUAS.HTM --> hia.net /kjsmith/beer NOUAS.HTM
99.06.12 16:27 B D:\Comm\KJS-HTML\Beer\OLYMPIA.HTM --> hia.net /kjsmith/beer OLYMPIA.HTM
99.06.12 16:28 B D:\Comm\KJS-HTML\Beer\PACENA.HTM --> hia.net /kjsmith/beer PACENA.HTM
99.06.12 16:28 B D:\Comm\KJS-HTML\Beer\quilmes.htm --> hia.net /kjsmith/beer quilmes.htm
99.06.12 16:28 B D:\Comm\KJS-HTML\Beer\RAINIER.HTM --> hia.net /kjsmith/beer RAINIER.HTM
99.06.12 16:28 B D:\Comm\KJS-HTML\Beer\SHINER.HTM --> hia.net /kjsmith/beer SHINER.HTM
99.06.12 16:28 B D:\Comm\KJS-HTML\Beer\shinerss.htm --> hia.net /kjsmith/beer shinerss.htm
99.06.12 16:28 B D:\Comm\KJS-HTML\Beer\smiths.htm --> hia.net /kjsmith/beer smiths.htm
99.06.12 16:28 B D:\Comm\KJS-HTML\Beer\STELLA.HTM --> hia.net /kjsmith/beer STELLA.HTM
99.06.12 16:28 B D:\Comm\KJS-HTML\Beer\tuskar.htm --> hia.net /kjsmith/beer tuskar.htm
99.06.12 16:28 B D:\Comm\KJS-HTML\Beer\ursus.htm --> hia.net /kjsmith/beer ursus.htm
99.06.12 16:28 B D:\Comm\KJS-HTML\Beer\voodoo.htm --> hia.net /kjsmith/beer voodoo.htm
99.06.12 16:28 B D:\Comm\KJS-HTML\Beer\waikato.htm --> hia.net /kjsmith/beer waikato.htm
99.06.12 16:28 B D:\Comm\KJS-HTML\Beer\wulveryck.htm --> hia.net /kjsmith/beer wulveryck.htm
99.06.22 22:14 B D:\Comm\KJS-HTML\Beer\Afflige.htm --> hia.net /kjsmith/beer Afflige.htm
99.06.22 22:14 B D:\Comm\KJS-HTML\Beer\AMSTEL.HTM --> hia.net /kjsmith/beer AMSTEL.HTM
99.06.22 22:14 B D:\Comm\KJS-HTML\Beer\anchor.htm --> hia.net /kjsmith/beer anchor.htm
99.06.22 22:14 B D:\Comm\KJS-HTML\Beer\ancre.htm --> hia.net /kjsmith/beer ancre.htm
99.06.22 22:14 B D:\Comm\KJS-HTML\Beer\arriaga.htm --> hia.net /kjsmith/beer arriaga.htm
99.06.22 22:14 B D:\Comm\KJS-HTML\Beer\ash.htm --> hia.net /kjsmith/beer ash.htm
99.06.22 22:14 B D:\Comm\KJS-HTML\Beer\beer0.htm --> hia.net /kjsmith/beer beer0.htm
99.06.22 22:14 B D:\Comm\KJS-HTML\Beer\beer1.htm --> hia.net /kjsmith/beer beer1.htm
99.06.22 22:14 B D:\Comm\KJS-HTML\Beer\beer2.htm --> hia.net /kjsmith/beer beer2.htm
99.06.22 22:14 B D:\Comm\KJS-HTML\Beer\BENINOIS.HTM --> hia.net /kjsmith/beer BENINOIS.HTM
99.06.22 22:14 B D:\Comm\KJS-HTML\Beer\BOLIVIAN.HTM --> hia.net /kjsmith/beer BOLIVIAN.HTM
99.06.22 22:14 B D:\Comm\KJS-HTML\Beer\brasil.htm --> hia.net /kjsmith/beer brasil.htm
99.06.22 22:14 B D:\Comm\KJS-HTML\Beer\budvar.htm --> hia.net /kjsmith/beer budvar.htm
99.06.22 22:14 B D:\Comm\KJS-HTML\Beer\c1tsingt.htm --> hia.net /kjsmith/beer c1tsingt.htm
99.06.22 22:14 B D:\Comm\KJS-HTML\Beer\Carib.htm --> hia.net /kjsmith/beer Carib.htm
99.06.22 22:14 B D:\Comm\KJS-HTML\Beer\CHIMAY.HTM --> hia.net /kjsmith/beer CHIMAY.HTM
99.06.22 22:14 B D:\Comm\KJS-HTML\Beer\cmeihe.htm --> hia.net /kjsmith/beer cmeihe.htm
99.06.22 22:14 B D:\Comm\KJS-HTML\Beer\corsaire.htm --> hia.net /kjsmith/beer corsaire.htm
99.06.22 22:14 B D:\Comm\KJS-HTML\Beer\csnowf.htm --> hia.net /kjsmith/beer csnowf.htm
99.06.22 22:14 B D:\Comm\KJS-HTML\Beer\ctiger.htm --> hia.net /kjsmith/beer ctiger.htm
99.06.22 22:14 B D:\Comm\KJS-HTML\Beer\dom.htm --> hia.net /kjsmith/beer dom.htm
99.06.22 22:14 B D:\Comm\KJS-HTML\Beer\ducal.htm --> hia.net /kjsmith/beer ducal.htm
99.06.22 22:14 B D:\Comm\KJS-HTML\Beer\DUVEL.HTM --> hia.net /kjsmith/beer DUVEL.HTM
99.06.22 22:14 B D:\Comm\KJS-HTML\Beer\farsons.htm --> hia.net /kjsmith/beer farsons.htm
99.06.22 22:14 B D:\Comm\KJS-HTML\Beer\Guinness.htm --> hia.net /kjsmith/beer Guinness.htm
99.06.22 22:14 B D:\Comm\KJS-HTML\Beer\HEINEKEN.HTM --> hia.net /kjsmith/beer HEINEKEN.HTM
99.06.22 22:14 B D:\Comm\KJS-HTML\Beer\hougaer.htm --> hia.net /kjsmith/beer hougaer.htm
99.06.22 22:14 B D:\Comm\KJS-HTML\Beer\imperial.htm --> hia.net /kjsmith/beer imperial.htm
99.06.22 22:14 B D:\Comm\KJS-HTML\Beer\jamstel.htm --> hia.net /kjsmith/beer jamstel.htm
99.06.22 22:14 B D:\Comm\KJS-HTML\Beer\janneke.htm --> hia.net /kjsmith/beer janneke.htm
99.06.22 22:14 B D:\Comm\KJS-HTML\Beer\KRONEN.HTM --> hia.net /kjsmith/beer KRONEN.HTM
99.06.22 22:14 B D:\Comm\KJS-HTML\Beer\kronen1.htm --> hia.net /kjsmith/beer kronen1.htm
99.06.22 22:14 B D:\Comm\KJS-HTML\Beer\kronen2.htm --> hia.net /kjsmith/beer kronen2.htm
99.06.22 22:14 B D:\Comm\KJS-HTML\Beer\kwak.htm --> hia.net /kjsmith/beer kwak.htm
99.06.22 22:14 B D:\Comm\KJS-HTML\Beer\kwiecien.htm --> hia.net /kjsmith/beer kwiecien.htm
99.06.22 22:14 B D:\Comm\KJS-HTML\Beer\leffe.htm --> hia.net /kjsmith/beer leffe.htm
99.06.22 22:14 B D:\Comm\KJS-HTML\Beer\LONESTAR.HTM --> hia.net /kjsmith/beer LONESTAR.HTM
99.06.22 22:14 B D:\Comm\KJS-HTML\Beer\MODELO.HTM --> hia.net /kjsmith/beer MODELO.HTM
99.06.22 22:14 B D:\Comm\KJS-HTML\Beer\mutzig1.htm --> hia.net /kjsmith/beer mutzig1.htm
99.06.22 22:14 B D:\Comm\KJS-HTML\Beer\NGOK.HTM --> hia.net /kjsmith/beer NGOK.HTM
99.06.22 22:15 B D:\Comm\KJS-HTML\Beer\NOUAS.HTM --> hia.net /kjsmith/beer NOUAS.HTM
99.06.22 22:15 B D:\Comm\KJS-HTML\Beer\OLYMPIA.HTM --> hia.net /kjsmith/beer OLYMPIA.HTM
99.06.22 22:15 B D:\Comm\KJS-HTML\Beer\PACENA.HTM --> hia.net /kjsmith/beer PACENA.HTM
99.06.22 22:15 B D:\Comm\KJS-HTML\Beer\quilmes.htm --> hia.net /kjsmith/beer quilmes.htm
99.06.22 22:15 B D:\Comm\KJS-HTML\Beer\RAINIER.HTM --> hia.net /kjsmith/beer RAINIER.HTM
99.06.22 22:15 B D:\Comm\KJS-HTML\Beer\SHINER.HTM --> hia.net /kjsmith/beer SHINER.HTM
99.06.22 22:15 B D:\Comm\KJS-HTML\Beer\shinerss.htm --> hia.net /kjsmith/beer shinerss.htm
99.06.22 22:15 B D:\Comm\KJS-HTML\Beer\smiths.htm --> hia.net /kjsmith/beer smiths.htm
99.06.22 22:15 B D:\Comm\KJS-HTML\Beer\STELLA.HTM --> hia.net /kjsmith/beer STELLA.HTM
99.06.22 22:15 B D:\Comm\KJS-HTML\Beer\tuskar.htm --> hia.net /kjsmith/beer tuskar.htm
99.06.22 22:15 B D:\Comm\KJS-HTML\Beer\ursus.htm --> hia.net /kjsmith/beer ursus.htm
99.06.22 22:15 B D:\Comm\KJS-HTML\Beer\voodoo.htm --> hia.net /kjsmith/beer voodoo.htm
99.06.22 22:15 B D:\Comm\KJS-HTML\Beer\waikato.htm --> hia.net /kjsmith/beer waikato.htm
99.06.22 22:15 B D:\Comm\KJS-HTML\Beer\wulveryck.htm --> hia.net /kjsmith/beer wulveryck.htm
99.06.26 21:40 B D:\Comm\KJS-HTML\Beer\beer0.htm --> hia.net /kjsmith/beer beer0.htm
99.06.26 21:47 B D:\Comm\KJS-HTML\Beer\beer0.htm --> hia.net /kjsmith/beer beer0.htm
99.11.04 17:46 B D:\Comm\KJS-HTML\Beer\beer1.htm --> hia.net /kjsmith/beer beer1.htm
99.12.17 09:40 B D:\Comm\KJS-HTML\Beer\Afflige.htm --> hia.net /kjsmith/beer Afflige.htm
99.12.17 09:40 B D:\Comm\KJS-HTML\Beer\Alivaryya.jpg --> hia.net /kjsmith/beer Alivaryya.jpg
99.12.17 09:40 B D:\Comm\KJS-HTML\Beer\AMSTEL.HTM --> hia.net /kjsmith/beer AMSTEL.HTM
99.12.17 09:40 B D:\Comm\KJS-HTML\Beer\anchor.htm --> hia.net /kjsmith/beer anchor.htm
99.12.17 09:40 B D:\Comm\KJS-HTML\Beer\ancre.htm --> hia.net /kjsmith/beer ancre.htm
99.12.17 09:40 B D:\Comm\KJS-HTML\Beer\arriaga.htm --> hia.net /kjsmith/beer arriaga.htm
99.12.17 09:40 B D:\Comm\KJS-HTML\Beer\ash.htm --> hia.net /kjsmith/beer ash.htm
99.12.17 09:40 B D:\Comm\KJS-HTML\Beer\BEER.HTM --> hia.net /kjsmith/beer BEER.HTM
99.12.17 09:40 B D:\Comm\KJS-HTML\Beer\beer0.htm --> hia.net /kjsmith/beer beer0.htm
99.12.17 09:40 B D:\Comm\KJS-HTML\Beer\beer1.htm --> hia.net /kjsmith/beer beer1.htm
99.12.17 09:40 B D:\Comm\KJS-HTML\Beer\beer2.htm --> hia.net /kjsmith/beer beer2.htm
99.12.17 09:40 B D:\Comm\KJS-HTML\Beer\BENINOIS.HTM --> hia.net /kjsmith/beer BENINOIS.HTM
99.12.17 09:40 B D:\Comm\KJS-HTML\Beer\BOLIVIAN.HTM --> hia.net /kjsmith/beer BOLIVIAN.HTM
99.12.17 09:40 B D:\Comm\KJS-HTML\Beer\brasil.htm --> hia.net /kjsmith/beer brasil.htm
99.12.17 09:40 B D:\Comm\KJS-HTML\Beer\budvar.htm --> hia.net /kjsmith/beer budvar.htm
99.12.17 09:40 B D:\Comm\KJS-HTML\Beer\c1tsingt.htm --> hia.net /kjsmith/beer c1tsingt.htm
99.12.17 09:40 B D:\Comm\KJS-HTML\Beer\Carib.htm --> hia.net /kjsmith/beer Carib.htm
99.12.17 09:40 B D:\Comm\KJS-HTML\Beer\CHIMAY.HTM --> hia.net /kjsmith/beer CHIMAY.HTM
99.12.17 09:40 B D:\Comm\KJS-HTML\Beer\cmeihe.htm --> hia.net /kjsmith/beer cmeihe.htm
99.12.17 09:40 B D:\Comm\KJS-HTML\Beer\corsaire.htm --> hia.net /kjsmith/beer corsaire.htm
99.12.17 09:40 B D:\Comm\KJS-HTML\Beer\csnowf.htm --> hia.net /kjsmith/beer csnowf.htm
99.12.17 09:40 B D:\Comm\KJS-HTML\Beer\ctiger.htm --> hia.net /kjsmith/beer ctiger.htm
99.12.17 09:40 B D:\Comm\KJS-HTML\Beer\dom.htm --> hia.net /kjsmith/beer dom.htm
99.12.17 09:40 B D:\Comm\KJS-HTML\Beer\ducal.htm --> hia.net /kjsmith/beer ducal.htm
99.12.17 09:40 B D:\Comm\KJS-HTML\Beer\DUVEL.HTM --> hia.net /kjsmith/beer DUVEL.HTM
99.12.17 09:40 B D:\Comm\KJS-HTML\Beer\farsons.htm --> hia.net /kjsmith/beer farsons.htm
99.12.17 09:40 B D:\Comm\KJS-HTML\Beer\Guinness.htm --> hia.net /kjsmith/beer Guinness.htm
99.12.17 09:40 B D:\Comm\KJS-HTML\Beer\HEINEKEN.HTM --> hia.net /kjsmith/beer HEINEKEN.HTM
99.12.17 09:40 B D:\Comm\KJS-HTML\Beer\hougaer.htm --> hia.net /kjsmith/beer hougaer.htm
99.12.17 09:40 B D:\Comm\KJS-HTML\Beer\imperial.htm --> hia.net /kjsmith/beer imperial.htm
99.12.17 09:40 B D:\Comm\KJS-HTML\Beer\jamstel.htm --> hia.net /kjsmith/beer jamstel.htm
99.12.17 09:40 B D:\Comm\KJS-HTML\Beer\janneke.htm --> hia.net /kjsmith/beer janneke.htm
99.12.17 09:40 B D:\Comm\KJS-HTML\Beer\KlinskoyeZolotoye.jpg --> hia.net /kjsmith/beer KlinskoyeZolotoye.jpg
99.12.17 09:41 B D:\Comm\KJS-HTML\Beer\kovalev1.htm --> hia.net /kjsmith/beer kovalev1.htm
99.12.17 09:41 B D:\Comm\KJS-HTML\Beer\kovalev2.htm --> hia.net /kjsmith/beer kovalev2.htm
99.12.17 09:41 B D:\Comm\KJS-HTML\Beer\kovalev3.htm --> hia.net /kjsmith/beer kovalev3.htm
99.12.17 09:41 B D:\Comm\KJS-HTML\Beer\KRONEN.HTM --> hia.net /kjsmith/beer KRONEN.HTM
99.12.17 09:41 B D:\Comm\KJS-HTML\Beer\kronen1.htm --> hia.net /kjsmith/beer kronen1.htm
99.12.17 09:41 B D:\Comm\KJS-HTML\Beer\kronen2.htm --> hia.net /kjsmith/beer kronen2.htm
99.12.17 09:41 B D:\Comm\KJS-HTML\Beer\kwak.htm --> hia.net /kjsmith/beer kwak.htm
99.12.17 09:41 B D:\Comm\KJS-HTML\Beer\kwiecien.htm --> hia.net /kjsmith/beer kwiecien.htm
99.12.17 09:41 B D:\Comm\KJS-HTML\Beer\leffe.htm --> hia.net /kjsmith/beer leffe.htm
99.12.17 09:41 B D:\Comm\KJS-HTML\Beer\LONESTAR.HTM --> hia.net /kjsmith/beer LONESTAR.HTM
99.12.17 09:41 B D:\Comm\KJS-HTML\Beer\MODELO.HTM --> hia.net /kjsmith/beer MODELO.HTM
99.12.17 09:41 B D:\Comm\KJS-HTML\Beer\Molodechnenskoye.jpg --> hia.net /kjsmith/beer Molodechnenskoye.jpg
99.12.17 09:41 B D:\Comm\KJS-HTML\Beer\Mozyrskoye.jpg --> hia.net /kjsmith/beer Mozyrskoye.jpg
99.12.17 09:41 B D:\Comm\KJS-HTML\Beer\mutzig1.htm --> hia.net /kjsmith/beer mutzig1.htm
99.12.17 09:41 B D:\Comm\KJS-HTML\Beer\NGOK.HTM --> hia.net /kjsmith/beer NGOK.HTM
99.12.17 09:41 B D:\Comm\KJS-HTML\Beer\NOUAS.HTM --> hia.net /kjsmith/beer NOUAS.HTM
99.12.17 09:41 B D:\Comm\KJS-HTML\Beer\OLYMPIA.HTM --> hia.net /kjsmith/beer OLYMPIA.HTM
99.12.17 09:41 B D:\Comm\KJS-HTML\Beer\PACENA.HTM --> hia.net /kjsmith/beer PACENA.HTM
99.12.17 09:41 B D:\Comm\KJS-HTML\Beer\quilmes.htm --> hia.net /kjsmith/beer quilmes.htm
99.12.17 09:41 B D:\Comm\KJS-HTML\Beer\RAINIER.HTM --> hia.net /kjsmith/beer RAINIER.HTM
99.12.17 09:41 B D:\Comm\KJS-HTML\Beer\SHINER.HTM --> hia.net /kjsmith/beer SHINER.HTM
99.12.17 09:41 B D:\Comm\KJS-HTML\Beer\shinerss.htm --> hia.net /kjsmith/beer shinerss.htm
99.12.17 09:41 B D:\Comm\KJS-HTML\Beer\smiths.htm --> hia.net /kjsmith/beer smiths.htm
99.12.17 09:41 B D:\Comm\KJS-HTML\Beer\STELLA.HTM --> hia.net /kjsmith/beer STELLA.HTM
99.12.17 09:41 B D:\Comm\KJS-HTML\Beer\tuskar.htm --> hia.net /kjsmith/beer tuskar.htm
99.12.17 09:41 B D:\Comm\KJS-HTML\Beer\ursus.htm --> hia.net /kjsmith/beer ursus.htm
99.12.17 09:41 B D:\Comm\KJS-HTML\Beer\voodoo.htm --> hia.net /kjsmith/beer voodoo.htm
99.12.17 09:41 B D:\Comm\KJS-HTML\Beer\waikato.htm --> hia.net /kjsmith/beer waikato.htm
99.12.17 09:41 B D:\Comm\KJS-HTML\Beer\wulveryck.htm --> hia.net /kjsmith/beer wulveryck.htm
99.12.17 09:45 B D:\Comm\KJS-HTML\Beer\Slutskaye.jpg --> hia.net /kjsmith Slutskaye.jpg
99.12.17 09:45 B D:\Comm\KJS-HTML\Beer\Slutskaye.jpg --> hia.net /kjsmith/beer Slutskaye.jpg
99.12.17 09:47 B D:\Comm\KJS-HTML\Beer\kovalev3.htm --> hia.net /kjsmith/beer kovalev3.htm
99.12.17 09:52 B D:\Comm\KJS-HTML\Beer\kovalev3.htm --> hia.net /kjsmith/beer kovalev3.htm
99.12.17 09:52 B D:\Comm\KJS-HTML\Beer\kovalev3.htm --> hia.net /kjsmith/beer kovalev3.htm
99.12.17 10:28 B D:\Comm\KJS-HTML\Beer\KlinskoyeZolotoye.jpg --> hia.net /kjsmith/beer KlinskoyeZolotoye.jpg
99.12.17 10:28 B D:\Comm\KJS-HTML\Beer\Molodechnenskoye.jpg --> hia.net /kjsmith/beer Molodechnenskoye.jpg
99.12.17 10:29 B D:\Comm\KJS-HTML\Beer\Slutskaye.jpg --> hia.net /kjsmith/beer Slutskaye.jpg
99.12.17 10:30 B D:\Comm\KJS-HTML\Beer\KlinskoyeZolotoye.jpg --> hia.net /kjsmith/beer KlinskoyeZolotoye.jpg
99.12.17 10:31 B D:\Comm\KJS-HTML\Beer\Molodechnenskoye.jpg --> hia.net /kjsmith/beer Molodechnenskoye.jpg
99.12.17 10:31 B D:\Comm\KJS-HTML\Beer\Slutskaye.jpg --> hia.net /kjsmith/beer Slutskaye.jpg
99.12.20 13:26 B D:\Comm\KJS-HTML\Beer\kovalev1.htm --> hia.net /kjsmith/beer kovalev1.htm
99.12.20 13:26 B D:\Comm\KJS-HTML\Beer\kovalev3.htm --> hia.net /kjsmith/beer kovalev3.htm
99.12.20 13:27 B D:\Comm\KJS-HTML\Beer\beer1.htm --> hia.net /kjsmith/beer beer1.htm
99.12.20 13:30 B D:\Comm\KJS-HTML\Beer\beer1.htm --> hia.net /kjsmith/beer beer1.htm
99.12.20 13:31 B D:\Comm\KJS-HTML\Beer\beer0.htm --> hia.net /kjsmith/beer beer0.htm
99.12.20 13:31 B D:\Comm\KJS-HTML\Beer\beer1.htm --> hia.net /kjsmith/beer beer1.htm
99.12.20 13:31 B D:\Comm\KJS-HTML\Beer\beer2.htm --> hia.net /kjsmith/beer beer2.htm
100.03.19 19:20 B D:\Comm\KJS-HTML\Beer\zywiec.htm --> hia.net /kjsmith/beer zywiec.htm
100.03.19 19:20 B D:\Comm\KJS-HTML\Beer\Zywiec.jpg --> hia.net /kjsmith/beer Zywiec.jpg
100.03.19 19:24 B D:\Comm\KJS-HTML\Beer\beer1.htm --> hia.net /kjsmith/beer beer1.htm
100.03.28 20:15 B D:\Comm\KJS-HTML\Beer\zywiec.htm --> hia.net /kjsmith/beer zywiec.htm
100.04.29 11:01 B D:\Comm\KJS-HTML\Beer\beer1.htm --> hia.net /kjsmith/beer beer1.htm
100.04.29 11:02 B D:\Comm\KJS-HTML\Beer\tubs.htm --> hia.net /kjsmith/beer tubs.htm
100.04.29 11:06 B D:\Comm\KJS-HTML\Beer\tubs.htm --> hia.net /kjsmith/beer tubs.htm
100.06.11 12:11 B D:\Comm\KJS-HTML\Beer\phovey.htm --> hia.net /kjsmith phovey.htm
100.06.11 12:11 B D:\Comm\KJS-HTML\Beer\pPilsner.jpg --> hia.net /kjsmith pPilsner.jpg
100.06.11 12:11 B D:\Comm\KJS-HTML\Beer\pTuskerExp.jpg --> hia.net /kjsmith pTuskerExp.jpg
100.06.11 12:12 B D:\Comm\KJS-HTML\Beer\phovey.htm --> hia.net /kjsmith/beer phovey.htm
100.06.11 12:12 B D:\Comm\KJS-HTML\Beer\pPilsner.jpg --> hia.net /kjsmith/beer pPilsner.jpg
100.06.11 12:12 B D:\Comm\KJS-HTML\Beer\pTuskerExp.jpg --> hia.net /kjsmith/beer pTuskerExp.jpg
100.06.11 12:16 B D:\Comm\KJS-HTML\Beer\beer1.htm --> hia.net /kjsmith/beer beer1.htm
101.01.21 11:14 B D:\Comm\KJS-HTML\Beer\beer1.htm --> hia.net /kjsmith/beer beer1.htm
101.01.21 11:14 B D:\Comm\KJS-HTML\Beer\cobra.htm --> hia.net /kjsmith/beer cobra.htm
101.01.21 11:15 B D:\Comm\KJS-HTML\Beer\cobra.jpg --> hia.net /kjsmith/beer cobra.jpg
101.01.21 11:18 B D:\Comm\KJS-HTML\Beer\cobra.jpg --> hia.net /kjsmith/beer cobra.jpg
101.01.21 13:48 B D:\Comm\KJS-HTML\Beer\leffe.htm --> hia.net /kjsmith/beer leffe.htm
101.01.21 13:50 B D:\Comm\KJS-HTML\Beer\Guinness.htm --> hia.net /kjsmith/beer Guinness.htm
101.01.21 13:58 B D:\Comm\KJS-HTML\Beer\quilmes.htm --> hia.net /kjsmith/beer quilmes.htm
101.01.21 14:04 B D:\Comm\KJS-HTML\Beer\ursus.htm --> hia.net /kjsmith/beer ursus.htm
101.01.21 14:09 B D:\Comm\KJS-HTML\Beer\kovalev1.htm --> hia.net /kjsmith/beer kovalev1.htm
101.01.21 14:10 B D:\Comm\KJS-HTML\Beer\DUVEL.HTM --> hia.net /kjsmith/beer DUVEL.HTM
101.01.21 14:12 B D:\Comm\KJS-HTML\Beer\wulveryck.htm --> hia.net /kjsmith/beer wulveryck.htm
101.01.21 14:14 B D:\Comm\KJS-HTML\Beer\zywiec.htm --> hia.net /kjsmith/beer zywiec.htm
101.01.21 14:15 B D:\Comm\KJS-HTML\Beer\zywiec.htm --> hia.net /kjsmith/beer zywiec.htm
101.01.21 14:25 B D:\Comm\KJS-HTML\Beer\tubs.htm --> hia.net /kjsmith/beer tubs.htm
101.01.21 14:34 B D:\Comm\KJS-HTML\Beer\brasil.htm --> hia.net /kjsmith/beer brasil.htm
101.01.21 14:37 B D:\Comm\KJS-HTML\Beer\OLYMPIA.HTM --> hia.net /kjsmith/beer OLYMPIA.HTM
101.01.21 14:37 B D:\Comm\KJS-HTML\Beer\OLYMPIA.HTM --> hia.net /kjsmith/beer OLYMPIA.HTM
101.01.21 14:43 B D:\Comm\KJS-HTML\Beer\Afflige.htm --> hia.net /kjsmith/beer Afflige.htm
101.01.21 14:46 B D:\Comm\KJS-HTML\Beer\kovalev3.htm --> hia.net /kjsmith/beer kovalev3.htm
101.01.21 14:49 B D:\Comm\KJS-HTML\Beer\cobra.jpg --> hia.net /kjsmith/beer cobra.jpg
101.01.21 14:51 B D:\Comm\KJS-HTML\Beer\BOLIVIAN.HTM --> hia.net /kjsmith/beer BOLIVIAN.HTM
101.01.21 14:53 B D:\Comm\KJS-HTML\Beer\ctiger.htm --> hia.net /kjsmith/beer ctiger.htm
101.03.23 13:00 B D:\Comm\KJS-HTML\Beer\quilmes.htm --> hia.net /kjsmith/beer quilmes.htm
101.07.07 11:45 B D:\Comm\KJS-HTML\Beer\phovey.htm --> hia.net /kjsmith/beer phovey.htm
101.07.11 20:36 B D:\Comm\KJS-HTML\Beer\beer2.htm --> hia.net /kjsmith/beer beer2.htm
101.07.11 20:38 B D:\Comm\KJS-HTML\Beer\beer2.htm --> hia.net /kjsmith/beer beer2.htm
101.07.11 21:06 B D:\Comm\KJS-HTML\Beer\beer1.htm --> hia.net /kjsmith/beer beer1.htm
101.07.11 21:07 B D:\Comm\KJS-HTML\Beer\JMorse.htm --> hia.net /kjsmith/beer JMorse.htm
101.07.11 21:07 B D:\Comm\KJS-HTML\Beer\JMorse2.htm --> hia.net /kjsmith/beer JMorse2.htm
101.07.11 21:07 B D:\Comm\KJS-HTML\Beer\orval.jpg --> hia.net /kjsmith/beer orval.jpg
101.07.11 21:07 B D:\Comm\KJS-HTML\Beer\trochefort.jpg --> hia.net /kjsmith/beer trochefort.jpg
101.07.11 21:08 B D:\Comm\KJS-HTML\Beer\docicky.jpg --> hia.net /kjsmith/beer docicky.jpg
101.07.11 21:09 B D:\Comm\KJS-HTML\Beer\docicky.jpg --> hia.net /kjsmith/beer docicky.jpg
101.07.11 21:09 B D:\Comm\KJS-HTML\Beer\orval.jpg --> hia.net /kjsmith/beer orval.jpg
101.07.11 21:09 B D:\Comm\KJS-HTML\Beer\trochefort.jpg --> hia.net /kjsmith/beer trochefort.jpg
101.07.11 21:11 B D:\Comm\KJS-HTML\Beer\JMorse2.htm --> hia.net /kjsmith/beer JMorse2.htm
101.09.08 14:49 B D:\Comm\KJS-HTML\Beer\anchor3.jpg --> hia.net /kjsmith/beer anchor3.jpg
101.11.17 09:18 B D:\Comm\KJS-HTML\Beer\beer1.htm --> hia.net /kjsmith/beer beer1.htm
101.11.17 09:18 B D:\Comm\KJS-HTML\Beer\ziggy.htm --> hia.net /kjsmith/beer ziggy.htm
101.11.17 09:19 B D:\Comm\KJS-HTML\Beer\ziggysocky.jpg --> hia.net /kjsmith/beer ziggysocky.jpg
101.11.17 09:20 B D:\Comm\KJS-HTML\Beer\ziggysocky.jpg --> hia.net /kjsmith/beer ziggysocky.jpg
101.12.06 20:57 B D:\Comm\KJS-HTML\Beer\beer1.htm --> hia.net /kjsmith/beer beer1.htm
101.12.06 20:57 B D:\Comm\KJS-HTML\Beer\kalyani.jpg --> hia.net /kjsmith/beer kalyani.jpg
101.12.06 20:58 B D:\Comm\KJS-HTML\Beer\kingfisher.jpg --> hia.net /kjsmith/beer kingfisher.jpg
101.12.06 20:58 B D:\Comm\KJS-HTML\Beer\sandpiper.htm --> hia.net /kjsmith/beer sandpiper.htm
101.12.06 20:58 B D:\Comm\KJS-HTML\Beer\sandpiper.jpg --> hia.net /kjsmith/beer sandpiper.jpg
101.12.06 20:58 B D:\Comm\KJS-HTML\Beer\united.htm --> hia.net /kjsmith/beer united.htm
101.12.07 22:40 B D:\Comm\KJS-HTML\Beer\augustiner.htm --> hia.net /kjsmith/beer augustiner.htm
101.12.07 22:40 B D:\Comm\KJS-HTML\Beer\augustiner.jpg --> hia.net /kjsmith/beer augustiner.jpg
101.12.07 22:40 B D:\Comm\KJS-HTML\Beer\beer1.htm --> hia.net /kjsmith/beer beer1.htm
101.12.07 22:40 B D:\Comm\KJS-HTML\Beer\royal.htm --> hia.net /kjsmith/beer royal.htm
101.12.07 22:40 B D:\Comm\KJS-HTML\Beer\royal.jpg --> hia.net /kjsmith/beer royal.jpg
101.12.08 09:09 B D:\Comm\KJS-HTML\Beer\anchor3.jpg --> hia.net /kjsmith/beer anchor3.jpg
101.12.10 19:31 B D:\Comm\KJS-HTML\Beer\royal.htm --> hia.net /kjsmith/beer royal.htm
102.01.19 20:53 B D:\Comm\KJS-HTML\Beer\beer1.htm --> hia.net /kjsmith/beer beer1.htm
102.01.19 20:54 B D:\Comm\KJS-HTML\Beer\chunshengpi.htm --> hia.net /kjsmith/beer chunshengpi.htm
102.01.19 20:54 B D:\Comm\KJS-HTML\Beer\chunshengpi.jpg --> hia.net /kjsmith/beer chunshengpi.jpg
102.01.19 20:54 B D:\Comm\KJS-HTML\Beer\cluhui.jpg --> hia.net /kjsmith/beer cluhui.jpg
102.01.19 20:54 B D:\Comm\KJS-HTML\Beer\cshentoe.htm --> hia.net /kjsmith/beer cshentoe.htm
102.01.19 20:54 B D:\Comm\KJS-HTML\Beer\cvalor.htm --> hia.net /kjsmith/beer cvalor.htm
102.01.19 20:55 B D:\Comm\KJS-HTML\Beer\cvalor.jpg --> hia.net /kjsmith/beer cvalor.jpg
102.01.19 20:55 B D:\Comm\KJS-HTML\Beer\cxingdao.htm --> hia.net /kjsmith/beer cxingdao.htm
102.01.19 20:55 B D:\Comm\KJS-HTML\Beer\cxingdao.jpg --> hia.net /kjsmith/beer cxingdao.jpg
102.01.19 20:57 B D:\Comm\KJS-HTML\Beer\chunshengpi.jpg --> hia.net /kjsmith/beer chunshengpi.jpg
102.01.19 20:57 B D:\Comm\KJS-HTML\Beer\cluhui.jpg --> hia.net /kjsmith/beer cluhui.jpg
102.01.19 20:58 B D:\Comm\KJS-HTML\Beer\csanhe.jpg --> hia.net /kjsmith/beer csanhe.jpg
102.01.19 20:58 B D:\Comm\KJS-HTML\Beer\cvalor.jpg --> hia.net /kjsmith/beer cvalor.jpg
102.01.19 20:58 B D:\Comm\KJS-HTML\Beer\cxingdao.jpg --> hia.net /kjsmith/beer cxingdao.jpg
102.03.08 13:06 B D:\Comm\KJS-HTML\Beer\beer1.htm --> hia.net /kjsmith beer1.htm
102.03.08 13:06 B D:\Comm\KJS-HTML\Beer\pilsner.htm --> hia.net /kjsmith pilsner.htm
102.03.08 13:06 B D:\Comm\KJS-HTML\Beer\Pilsner.jpg --> hia.net /kjsmith Pilsner.jpg
102.03.08 13:07 B D:\Comm\KJS-HTML\Beer\Pilsner.jpg --> hia.net /kjsmith Pilsner.jpg
102.03.08 13:18 B D:\Comm\KJS-HTML\Beer\beer1.htm --> hia.net /kjsmith/beer beer1.htm
102.03.08 13:18 B D:\Comm\KJS-HTML\Beer\pilsner.htm --> hia.net /kjsmith/beer pilsner.htm
102.03.08 13:19 B D:\Comm\KJS-HTML\Beer\Pilsner.jpg --> hia.net /kjsmith/beer Pilsner.jpg
102.03.08 13:24 B D:\Comm\KJS-HTML\Beer\beer1.htm --> hia.net /kjsmith/beer beer1.htm
102.03.08 13:24 B D:\Comm\KJS-HTML\Beer\pilsener.htm --> hia.net /kjsmith/beer pilsener.htm
102.03.08 13:24 B D:\Comm\KJS-HTML\Beer\Pilsener.jpg --> hia.net /kjsmith/beer Pilsener.jpg
102.03.08 13:24 B D:\Comm\KJS-HTML\Beer\pilsner.htm --> hia.net /kjsmith/beer pilsner.htm
102.03.08 13:24 B D:\Comm\KJS-HTML\Beer\Pilsner.jpg --> hia.net /kjsmith/beer Pilsner.jpg
