99.02.28 21:28 B D:\Comm\KJS-HTML\Thoughts\think.htm --> hia.net /kjsmith/thoughts think.htm
99.02.28 21:29 B D:\Comm\KJS-HTML\Thoughts\think.htm --> hia.net /kjsmith/thoughts think.htm
99.02.28 21:32 B D:\Comm\KJS-HTML\Thoughts\snewsr.htm --> hia.net /kjsmith/thoughts snewsr.htm
99.02.28 21:34 B D:\Comm\KJS-HTML\Thoughts\think.htm --> hia.net /kjsmith/thoughts think.htm
99.06.12 16:41 B D:\Comm\KJS-HTML\Thoughts\creed.htm --> hia.net /kjsmith/thoughts creed.htm
99.06.12 16:41 B D:\Comm\KJS-HTML\Thoughts\diver.htm --> hia.net /kjsmith/thoughts diver.htm
99.06.12 16:41 B D:\Comm\KJS-HTML\Thoughts\forests.htm --> hia.net /kjsmith/thoughts forests.htm
99.06.12 16:41 B D:\Comm\KJS-HTML\Thoughts\HOFFER.HTM --> hia.net /kjsmith/thoughts HOFFER.HTM
99.06.12 16:41 B D:\Comm\KJS-HTML\Thoughts\honest.htm --> hia.net /kjsmith/thoughts honest.htm
99.06.12 16:42 B D:\Comm\KJS-HTML\Thoughts\kenza.htm --> hia.net /kjsmith/thoughts kenza.htm
99.06.12 16:42 B D:\Comm\KJS-HTML\Thoughts\kwanza.htm --> hia.net /kjsmith/thoughts kwanza.htm
99.06.12 16:42 B D:\Comm\KJS-HTML\Thoughts\leader.htm --> hia.net /kjsmith/thoughts leader.htm
99.06.12 16:42 B D:\Comm\KJS-HTML\Thoughts\marx.htm --> hia.net /kjsmith/thoughts marx.htm
99.06.12 16:42 B D:\Comm\KJS-HTML\Thoughts\motavate.htm --> hia.net /kjsmith/thoughts motavate.htm
99.06.12 16:42 B D:\Comm\KJS-HTML\Thoughts\puter.htm --> hia.net /kjsmith/thoughts puter.htm
99.06.12 16:42 B D:\Comm\KJS-HTML\Thoughts\review.htm --> hia.net /kjsmith/thoughts review.htm
99.06.12 16:42 B D:\Comm\KJS-HTML\Thoughts\right.htm --> hia.net /kjsmith/thoughts right.htm
99.06.12 16:42 B D:\Comm\KJS-HTML\Thoughts\snewsr.htm --> hia.net /kjsmith/thoughts snewsr.htm
99.06.12 16:42 B D:\Comm\KJS-HTML\Thoughts\snewsr1.htm --> hia.net /kjsmith/thoughts snewsr1.htm
99.06.12 16:42 B D:\Comm\KJS-HTML\Thoughts\think.htm --> hia.net /kjsmith/thoughts think.htm
99.06.12 16:42 B D:\Comm\KJS-HTML\Thoughts\think1.htm --> hia.net /kjsmith/thoughts think1.htm
99.06.24 20:57 B D:\Comm\KJS-HTML\Thoughts\creed.htm --> hia.net /kjsmith/thoughts creed.htm
99.06.24 20:57 B D:\Comm\KJS-HTML\Thoughts\diver.htm --> hia.net /kjsmith/thoughts diver.htm
99.06.24 20:57 B D:\Comm\KJS-HTML\Thoughts\forests.htm --> hia.net /kjsmith/thoughts forests.htm
99.06.24 20:57 B D:\Comm\KJS-HTML\Thoughts\HOFFER.HTM --> hia.net /kjsmith/thoughts HOFFER.HTM
99.06.24 20:57 B D:\Comm\KJS-HTML\Thoughts\honest.htm --> hia.net /kjsmith/thoughts honest.htm
99.06.24 20:57 B D:\Comm\KJS-HTML\Thoughts\kenza.htm --> hia.net /kjsmith/thoughts kenza.htm
99.06.24 20:58 B D:\Comm\KJS-HTML\Thoughts\kwanza.htm --> hia.net /kjsmith/thoughts kwanza.htm
99.06.24 20:58 B D:\Comm\KJS-HTML\Thoughts\leader.htm --> hia.net /kjsmith/thoughts leader.htm
99.06.24 20:58 B D:\Comm\KJS-HTML\Thoughts\marx.htm --> hia.net /kjsmith/thoughts marx.htm
99.06.24 20:58 B D:\Comm\KJS-HTML\Thoughts\motavate.htm --> hia.net /kjsmith/thoughts motavate.htm
99.06.24 20:58 B D:\Comm\KJS-HTML\Thoughts\puter.htm --> hia.net /kjsmith/thoughts puter.htm
99.06.24 20:58 B D:\Comm\KJS-HTML\Thoughts\review.htm --> hia.net /kjsmith/thoughts review.htm
99.06.24 20:58 B D:\Comm\KJS-HTML\Thoughts\right.htm --> hia.net /kjsmith/thoughts right.htm
99.06.24 20:58 B D:\Comm\KJS-HTML\Thoughts\snewsr.htm --> hia.net /kjsmith/thoughts snewsr.htm
99.06.24 20:58 B D:\Comm\KJS-HTML\Thoughts\snewsr1.htm --> hia.net /kjsmith/thoughts snewsr1.htm
99.06.24 20:58 B D:\Comm\KJS-HTML\Thoughts\think.htm --> hia.net /kjsmith/thoughts think.htm
99.11.07 13:30 B D:\Comm\KJS-HTML\Thoughts\think.htm --> hia.net /kjsmith/thoughts think.htm
99.11.07 13:30 B D:\Comm\KJS-HTML\Thoughts\creed.htm --> hia.net /kjsmith/thoughts creed.htm
99.11.07 13:31 B D:\Comm\KJS-HTML\Thoughts\creed.htm --> hia.net /kjsmith/thoughts creed.htm
99.11.07 13:32 B D:\Comm\KJS-HTML\Thoughts\creed.htm --> hia.net /kjsmith/thoughts creed.htm
99.11.07 13:33 B D:\Comm\KJS-HTML\Thoughts\creed.htm --> hia.net /kjsmith/thoughts creed.htm
99.11.07 13:49 B D:\Comm\KJS-HTML\Thoughts\biblical.gif --> hia.net /kjsmith/thoughts biblical.gif
99.11.07 13:49 B D:\Comm\KJS-HTML\Thoughts\time.htm --> hia.net /kjsmith/thoughts time.htm
99.11.07 13:50 B D:\Comm\KJS-HTML\Thoughts\time.htm --> hia.net /kjsmith/thoughts time.htm
99.11.07 14:05 B D:\Comm\KJS-HTML\Thoughts\think.htm --> hia.net /kjsmith/thoughts think.htm
99.11.07 14:06 B D:\Comm\KJS-HTML\Thoughts\think.htm --> hia.net /kjsmith/thoughts think.htm
99.11.07 14:07 B D:\Comm\KJS-HTML\Thoughts\think.htm --> hia.net /kjsmith/thoughts think.htm
99.11.16 20:38 B D:\Comm\KJS-HTML\Thoughts\kwanza.htm --> hia.net /kjsmith/thoughts kwanza.htm
99.11.16 20:40 B D:\Comm\KJS-HTML\Thoughts\kwanza.htm --> hia.net /kjsmith/thoughts kwanza.htm
99.12.20 13:48 B D:\Comm\KJS-HTML\Thoughts\creed.htm --> hia.net /kjsmith/thoughts creed.htm
99.12.20 13:48 B D:\Comm\KJS-HTML\Thoughts\diver.htm --> hia.net /kjsmith/thoughts diver.htm
99.12.20 13:48 B D:\Comm\KJS-HTML\Thoughts\forests.htm --> hia.net /kjsmith/thoughts forests.htm
99.12.20 13:48 B D:\Comm\KJS-HTML\Thoughts\HOFFER.HTM --> hia.net /kjsmith/thoughts HOFFER.HTM
99.12.20 13:48 B D:\Comm\KJS-HTML\Thoughts\honest.htm --> hia.net /kjsmith/thoughts honest.htm
99.12.20 13:48 B D:\Comm\KJS-HTML\Thoughts\kenza.htm --> hia.net /kjsmith/thoughts kenza.htm
99.12.20 13:48 B D:\Comm\KJS-HTML\Thoughts\kwanza.htm --> hia.net /kjsmith/thoughts kwanza.htm
99.12.20 13:48 B D:\Comm\KJS-HTML\Thoughts\leader.htm --> hia.net /kjsmith/thoughts leader.htm
99.12.20 13:48 B D:\Comm\KJS-HTML\Thoughts\marx.htm --> hia.net /kjsmith/thoughts marx.htm
99.12.20 13:48 B D:\Comm\KJS-HTML\Thoughts\motavate.htm --> hia.net /kjsmith/thoughts motavate.htm
99.12.20 13:48 B D:\Comm\KJS-HTML\Thoughts\puter.htm --> hia.net /kjsmith/thoughts puter.htm
99.12.20 13:48 B D:\Comm\KJS-HTML\Thoughts\review.htm --> hia.net /kjsmith/thoughts review.htm
99.12.20 13:48 B D:\Comm\KJS-HTML\Thoughts\right.htm --> hia.net /kjsmith/thoughts right.htm
99.12.20 13:48 B D:\Comm\KJS-HTML\Thoughts\snewsr.htm --> hia.net /kjsmith/thoughts snewsr.htm
99.12.20 13:48 B D:\Comm\KJS-HTML\Thoughts\think.htm --> hia.net /kjsmith/thoughts think.htm
99.12.20 13:48 B D:\Comm\KJS-HTML\Thoughts\think1.htm --> hia.net /kjsmith/thoughts think1.htm
99.12.20 13:48 B D:\Comm\KJS-HTML\Thoughts\time.htm --> hia.net /kjsmith/thoughts time.htm
100.01.24 20:14 B D:\Comm\KJS-HTML\Thoughts\motavate.htm --> hia.net /kjsmith/thoughts motavate.htm
100.01.26 17:43 B D:\Comm\KJS-HTML\Thoughts\motavate.htm --> hia.net /kjsmith/thoughts motavate.htm
100.10.11 21:25 B D:\Comm\KJS-HTML\Thoughts\boss.jpg --> hia.net /kjsmith boss.jpg
101.01.21 18:07 B D:\Comm\KJS-HTML\Thoughts\creed.htm --> hia.net /kjsmith/thoughts creed.htm
101.01.21 18:07 B D:\Comm\KJS-HTML\Thoughts\diver.htm --> hia.net /kjsmith/thoughts diver.htm
101.01.21 18:07 B D:\Comm\KJS-HTML\Thoughts\forests.htm --> hia.net /kjsmith/thoughts forests.htm
101.01.21 18:07 B D:\Comm\KJS-HTML\Thoughts\HOFFER.HTM --> hia.net /kjsmith/thoughts HOFFER.HTM
101.01.21 18:07 B D:\Comm\KJS-HTML\Thoughts\honest.htm --> hia.net /kjsmith/thoughts honest.htm
101.01.21 18:07 B D:\Comm\KJS-HTML\Thoughts\kenza.htm --> hia.net /kjsmith/thoughts kenza.htm
101.01.21 18:07 B D:\Comm\KJS-HTML\Thoughts\kwanza.htm --> hia.net /kjsmith/thoughts kwanza.htm
101.01.21 18:07 B D:\Comm\KJS-HTML\Thoughts\leader.htm --> hia.net /kjsmith/thoughts leader.htm
101.01.21 18:07 B D:\Comm\KJS-HTML\Thoughts\marx.htm --> hia.net /kjsmith/thoughts marx.htm
101.01.21 18:07 B D:\Comm\KJS-HTML\Thoughts\motavate.htm --> hia.net /kjsmith/thoughts motavate.htm
101.01.21 18:07 B D:\Comm\KJS-HTML\Thoughts\puter.htm --> hia.net /kjsmith/thoughts puter.htm
101.01.21 18:07 B D:\Comm\KJS-HTML\Thoughts\review.htm --> hia.net /kjsmith/thoughts review.htm
101.01.21 18:07 B D:\Comm\KJS-HTML\Thoughts\right.htm --> hia.net /kjsmith/thoughts right.htm
101.01.21 18:07 B D:\Comm\KJS-HTML\Thoughts\snewsr.htm --> hia.net /kjsmith/thoughts snewsr.htm
101.01.21 18:08 B D:\Comm\KJS-HTML\Thoughts\snewsr1.htm --> hia.net /kjsmith/thoughts snewsr1.htm
101.01.21 18:08 B D:\Comm\KJS-HTML\Thoughts\think.htm --> hia.net /kjsmith/thoughts think.htm
101.01.21 18:08 B D:\Comm\KJS-HTML\Thoughts\think1.htm --> hia.net /kjsmith/thoughts think1.htm
101.01.21 18:08 B D:\Comm\KJS-HTML\Thoughts\time.htm --> hia.net /kjsmith/thoughts time.htm
101.12.06 20:25 B D:\Comm\KJS-HTML\Thoughts\leader.htm --> hia.net /kjsmith/thoughts leader.htm
101.12.06 20:28 B D:\Comm\KJS-HTML\Thoughts\leader.htm --> hia.net /kjsmith/thoughts leader.htm
101.12.06 20:29 B D:\Comm\KJS-HTML\Thoughts\leader.htm --> hia.net /kjsmith/thoughts leader.htm
