99.04.11 12:27 B D:\Comm\KJS-HTML\Imagnw\ahtanum.jpg --> hia.net /kjsmith/imagnw ahtanum.jpg
99.04.11 21:31 B D:\Comm\KJS-HTML\Imagnw\imagnw1.htm --> hia.net /kjsmith/imagnw imagnw1.htm
99.04.11 21:32 B D:\Comm\KJS-HTML\Imagnw\swmontana.HTM --> hia.net /kjsmith/imagnw swmontana.HTM
99.04.11 21:38 B D:\Comm\KJS-HTML\Imagnw\imagnw1.htm --> hia.net /kjsmith/imagnw imagnw1.htm
99.06.12 16:36 B D:\Comm\KJS-HTML\Imagnw\AHTANUM.HTM --> hia.net /kjsmith/imagnw AHTANUM.HTM
99.06.12 16:36 B D:\Comm\KJS-HTML\Imagnw\ARCHES.HTM --> hia.net /kjsmith/imagnw ARCHES.HTM
99.06.12 16:36 B D:\Comm\KJS-HTML\Imagnw\BHAMB.HTM --> hia.net /kjsmith/imagnw BHAMB.HTM
99.06.12 16:36 B D:\Comm\KJS-HTML\Imagnw\CANYON.HTM --> hia.net /kjsmith/imagnw CANYON.HTM
99.06.12 16:36 B D:\Comm\KJS-HTML\Imagnw\cleelum.htm --> hia.net /kjsmith/imagnw cleelum.htm
99.06.12 16:36 B D:\Comm\KJS-HTML\Imagnw\CLIFFS.HTM --> hia.net /kjsmith/imagnw CLIFFS.HTM
99.06.12 16:36 B D:\Comm\KJS-HTML\Imagnw\FLUME.HTM --> hia.net /kjsmith/imagnw FLUME.HTM
99.06.12 16:36 B D:\Comm\KJS-HTML\Imagnw\glacier.htm --> hia.net /kjsmith/imagnw glacier.htm
99.06.12 16:36 B D:\Comm\KJS-HTML\Imagnw\HAWAIIP.HTM --> hia.net /kjsmith/imagnw HAWAIIP.HTM
99.06.12 16:36 B D:\Comm\KJS-HTML\Imagnw\HELENS1.HTM --> hia.net /kjsmith/imagnw HELENS1.HTM
99.06.12 16:37 B D:\Comm\KJS-HTML\Imagnw\HELENS2.HTM --> hia.net /kjsmith/imagnw HELENS2.HTM
99.06.12 16:37 B D:\Comm\KJS-HTML\Imagnw\hood.htm --> hia.net /kjsmith/imagnw hood.htm
99.06.12 16:37 B D:\Comm\KJS-HTML\Imagnw\ICE.HTM --> hia.net /kjsmith/imagnw ICE.HTM
99.06.12 16:37 B D:\Comm\KJS-HTML\Imagnw\imagnw2.htm --> hia.net /kjsmith/imagnw imagnw2.htm
99.06.12 16:37 B D:\Comm\KJS-HTML\Imagnw\mammouth.htm --> hia.net /kjsmith/imagnw mammouth.htm
99.06.12 16:37 B D:\Comm\KJS-HTML\Imagnw\sanjuan.htm --> hia.net /kjsmith/imagnw sanjuan.htm
99.06.12 16:37 B D:\Comm\KJS-HTML\Imagnw\seattle.htm --> hia.net /kjsmith/imagnw seattle.htm
99.06.12 16:37 B D:\Comm\KJS-HTML\Imagnw\SHUKSUN.HTM --> hia.net /kjsmith/imagnw SHUKSUN.HTM
99.06.12 16:37 B D:\Comm\KJS-HTML\Imagnw\swmontana.HTM --> hia.net /kjsmith/imagnw swmontana.HTM
99.06.12 16:37 B D:\Comm\KJS-HTML\Imagnw\UTAH.HTM --> hia.net /kjsmith/imagnw UTAH.HTM
99.06.12 16:37 B D:\Comm\KJS-HTML\Imagnw\zion.htm --> hia.net /kjsmith/imagnw zion.htm
99.06.22 22:57 B D:\Comm\KJS-HTML\Imagnw\AHTANUM.HTM --> hia.net /kjsmith/imagnw AHTANUM.HTM
99.06.22 22:57 B D:\Comm\KJS-HTML\Imagnw\ARCHES.HTM --> hia.net /kjsmith/imagnw ARCHES.HTM
99.06.22 22:57 B D:\Comm\KJS-HTML\Imagnw\BHAMB.HTM --> hia.net /kjsmith/imagnw BHAMB.HTM
99.06.22 22:57 B D:\Comm\KJS-HTML\Imagnw\CANYON.HTM --> hia.net /kjsmith/imagnw CANYON.HTM
99.06.22 22:57 B D:\Comm\KJS-HTML\Imagnw\cleelum.htm --> hia.net /kjsmith/imagnw cleelum.htm
99.06.22 22:57 B D:\Comm\KJS-HTML\Imagnw\CLIFFS.HTM --> hia.net /kjsmith/imagnw CLIFFS.HTM
99.06.22 22:57 B D:\Comm\KJS-HTML\Imagnw\FLUME.HTM --> hia.net /kjsmith/imagnw FLUME.HTM
99.06.22 22:57 B D:\Comm\KJS-HTML\Imagnw\glacier.htm --> hia.net /kjsmith/imagnw glacier.htm
99.06.22 22:57 B D:\Comm\KJS-HTML\Imagnw\HAWAIIP.HTM --> hia.net /kjsmith/imagnw HAWAIIP.HTM
99.06.22 22:57 B D:\Comm\KJS-HTML\Imagnw\HELENS1.HTM --> hia.net /kjsmith/imagnw HELENS1.HTM
99.06.22 22:57 B D:\Comm\KJS-HTML\Imagnw\HELENS2.HTM --> hia.net /kjsmith/imagnw HELENS2.HTM
99.06.22 22:57 B D:\Comm\KJS-HTML\Imagnw\hood.htm --> hia.net /kjsmith/imagnw hood.htm
99.06.22 22:57 B D:\Comm\KJS-HTML\Imagnw\ICE.HTM --> hia.net /kjsmith/imagnw ICE.HTM
99.06.22 22:57 B D:\Comm\KJS-HTML\Imagnw\Imagnw.htm --> hia.net /kjsmith/imagnw Imagnw.htm
99.06.22 22:57 B D:\Comm\KJS-HTML\Imagnw\imagnw0.htm --> hia.net /kjsmith/imagnw imagnw0.htm
99.06.22 22:57 B D:\Comm\KJS-HTML\Imagnw\imagnw1.htm --> hia.net /kjsmith/imagnw imagnw1.htm
99.06.22 22:57 B D:\Comm\KJS-HTML\Imagnw\imagnw2.htm --> hia.net /kjsmith/imagnw imagnw2.htm
99.06.22 22:57 B D:\Comm\KJS-HTML\Imagnw\mammouth.htm --> hia.net /kjsmith/imagnw mammouth.htm
99.06.22 22:57 B D:\Comm\KJS-HTML\Imagnw\sanjuan.htm --> hia.net /kjsmith/imagnw sanjuan.htm
99.06.22 22:57 B D:\Comm\KJS-HTML\Imagnw\seattle.htm --> hia.net /kjsmith/imagnw seattle.htm
99.06.22 22:57 B D:\Comm\KJS-HTML\Imagnw\SHUKSUN.HTM --> hia.net /kjsmith/imagnw SHUKSUN.HTM
99.06.22 22:57 B D:\Comm\KJS-HTML\Imagnw\swmontana.HTM --> hia.net /kjsmith/imagnw swmontana.HTM
99.06.22 22:57 B D:\Comm\KJS-HTML\Imagnw\UTAH.HTM --> hia.net /kjsmith/imagnw UTAH.HTM
99.06.22 22:57 B D:\Comm\KJS-HTML\Imagnw\zion.htm --> hia.net /kjsmith/imagnw zion.htm
99.06.26 21:41 B D:\Comm\KJS-HTML\Imagnw\imagnw0.htm --> hia.net /kjsmith/imagnw imagnw0.htm
99.06.26 21:41 B D:\Comm\KJS-HTML\Imagnw\imagnw0.htm --> hia.net /kjsmith/imagnw imagnw0.htm
99.12.20 13:40 B D:\Comm\KJS-HTML\Imagnw\AHTANUM.HTM --> hia.net /kjsmith/imagnw AHTANUM.HTM
99.12.20 13:40 B D:\Comm\KJS-HTML\Imagnw\ARCHES.HTM --> hia.net /kjsmith/imagnw ARCHES.HTM
99.12.20 13:40 B D:\Comm\KJS-HTML\Imagnw\BHAMB.HTM --> hia.net /kjsmith/imagnw BHAMB.HTM
99.12.20 13:40 B D:\Comm\KJS-HTML\Imagnw\CANYON.HTM --> hia.net /kjsmith/imagnw CANYON.HTM
99.12.20 13:40 B D:\Comm\KJS-HTML\Imagnw\CLIFFS.HTM --> hia.net /kjsmith/imagnw CLIFFS.HTM
99.12.20 13:40 B D:\Comm\KJS-HTML\Imagnw\FLUME.HTM --> hia.net /kjsmith/imagnw FLUME.HTM
99.12.20 13:40 B D:\Comm\KJS-HTML\Imagnw\glacier.htm --> hia.net /kjsmith/imagnw glacier.htm
99.12.20 13:40 B D:\Comm\KJS-HTML\Imagnw\HAWAIIP.HTM --> hia.net /kjsmith/imagnw HAWAIIP.HTM
99.12.20 13:40 B D:\Comm\KJS-HTML\Imagnw\HELENS1.HTM --> hia.net /kjsmith/imagnw HELENS1.HTM
99.12.20 13:40 B D:\Comm\KJS-HTML\Imagnw\HELENS2.HTM --> hia.net /kjsmith/imagnw HELENS2.HTM
99.12.20 13:40 B D:\Comm\KJS-HTML\Imagnw\hood.htm --> hia.net /kjsmith/imagnw hood.htm
99.12.20 13:40 B D:\Comm\KJS-HTML\Imagnw\ICE.HTM --> hia.net /kjsmith/imagnw ICE.HTM
99.12.20 13:40 B D:\Comm\KJS-HTML\Imagnw\Imagnw.htm --> hia.net /kjsmith/imagnw Imagnw.htm
99.12.20 13:40 B D:\Comm\KJS-HTML\Imagnw\imagnw0.htm --> hia.net /kjsmith/imagnw imagnw0.htm
99.12.20 13:40 B D:\Comm\KJS-HTML\Imagnw\imagnw1.htm --> hia.net /kjsmith/imagnw imagnw1.htm
99.12.20 13:41 B D:\Comm\KJS-HTML\Imagnw\imagnw2.htm --> hia.net /kjsmith/imagnw imagnw2.htm
99.12.20 13:41 B D:\Comm\KJS-HTML\Imagnw\mammouth.htm --> hia.net /kjsmith/imagnw mammouth.htm
99.12.20 13:41 B D:\Comm\KJS-HTML\Imagnw\sanjuan.htm --> hia.net /kjsmith/imagnw sanjuan.htm
99.12.20 13:41 B D:\Comm\KJS-HTML\Imagnw\seattle.htm --> hia.net /kjsmith/imagnw seattle.htm
99.12.20 13:41 B D:\Comm\KJS-HTML\Imagnw\SHUKSUN.HTM --> hia.net /kjsmith/imagnw SHUKSUN.HTM
99.12.20 13:41 B D:\Comm\KJS-HTML\Imagnw\swmontana.HTM --> hia.net /kjsmith/imagnw swmontana.HTM
99.12.20 13:41 B D:\Comm\KJS-HTML\Imagnw\UTAH.HTM --> hia.net /kjsmith/imagnw UTAH.HTM
99.12.20 13:41 B D:\Comm\KJS-HTML\Imagnw\zion.htm --> hia.net /kjsmith/imagnw zion.htm
100.02.19 17:38 B D:\Comm\KJS-HTML\Imagnw\ICE.JPG --> hia.net /kjsmith/imagnw ICE.JPG
100.02.19 18:26 B D:\Comm\KJS-HTML\Imagnw\AHTANUM.HTM --> hia.net /kjsmith/imagnw AHTANUM.HTM
100.03.11 17:16 B D:\Comm\KJS-HTML\Imagnw\glacier.htm --> hia.net /kjsmith/imagnw glacier.htm
100.12.22 10:00 B D:\Comm\KJS-HTML\Imagnw\AHT.JPG --> hia.net /kjsmith/imagnw AHT.JPG
100.12.22 10:00 B D:\Comm\KJS-HTML\Imagnw\CYN.JPG --> hia.net /kjsmith/imagnw CYN.JPG
100.12.22 10:00 B D:\Comm\KJS-HTML\Imagnw\ICE1.JPG --> hia.net /kjsmith/imagnw ICE1.JPG
100.12.22 10:00 B D:\Comm\KJS-HTML\Imagnw\SHU.JPG --> hia.net /kjsmith/imagnw SHU.JPG
100.12.22 10:05 B D:\Comm\KJS-HTML\Imagnw\BHAMB.JPG --> hia.net /kjsmith/imagnw BHAMB.JPG
100.12.22 10:05 B D:\Comm\KJS-HTML\Imagnw\BHB.JPG --> hia.net /kjsmith/imagnw BHB.JPG
100.12.22 10:10 B D:\Comm\KJS-HTML\Imagnw\CYN.JPG --> hia.net /kjsmith/imagnw CYN.JPG
100.12.22 10:12 B D:\Comm\KJS-HTML\Imagnw\SR-HELEN.JPG --> hia.net /kjsmith/imagnw SR-HELEN.JPG
