99.06.12 16:30 B D:\Comm\KJS-HTML\Imagint\ALGERIA.HTM --> hia.net /kjsmith/imagint ALGERIA.HTM
99.06.12 16:30 B D:\Comm\KJS-HTML\Imagint\BAires.htm --> hia.net /kjsmith/imagint BAires.htm
99.06.12 16:30 B D:\Comm\KJS-HTML\Imagint\BOLIVIA.HTM --> hia.net /kjsmith/imagint BOLIVIA.HTM
99.06.12 16:30 B D:\Comm\KJS-HTML\Imagint\bolivia2.htm --> hia.net /kjsmith/imagint bolivia2.htm
99.06.12 16:30 B D:\Comm\KJS-HTML\Imagint\china1.HTM --> hia.net /kjsmith/imagint china1.HTM
99.06.12 16:30 B D:\Comm\KJS-HTML\Imagint\china2.htm --> hia.net /kjsmith/imagint china2.htm
99.06.12 16:30 B D:\Comm\KJS-HTML\Imagint\china3.htm --> hia.net /kjsmith/imagint china3.htm
99.06.12 16:30 B D:\Comm\KJS-HTML\Imagint\COLMAR.HTM --> hia.net /kjsmith/imagint COLMAR.HTM
99.06.12 16:30 B D:\Comm\KJS-HTML\Imagint\CONGO.HTM --> hia.net /kjsmith/imagint CONGO.HTM
99.06.12 16:30 B D:\Comm\KJS-HTML\Imagint\CONGO2.HTM --> hia.net /kjsmith/imagint CONGO2.HTM
99.06.12 16:30 B D:\Comm\KJS-HTML\Imagint\deadsea.htm --> hia.net /kjsmith/imagint deadsea.htm
99.06.12 16:30 B D:\Comm\KJS-HTML\Imagint\ECUADOR.HTM --> hia.net /kjsmith/imagint ECUADOR.HTM
99.06.12 16:30 B D:\Comm\KJS-HTML\Imagint\ECUADOR2.HTM --> hia.net /kjsmith/imagint ECUADOR2.HTM
99.06.12 16:30 B D:\Comm\KJS-HTML\Imagint\EGYPT.HTM --> hia.net /kjsmith/imagint EGYPT.HTM
99.06.12 16:30 B D:\Comm\KJS-HTML\Imagint\FRCOLMAR.JPG --> hia.net /kjsmith/imagint FRCOLMAR.JPG
99.06.12 16:30 B D:\Comm\KJS-HTML\Imagint\GHARDAIA.HTM --> hia.net /kjsmith/imagint GHARDAIA.HTM
99.06.12 16:30 B D:\Comm\KJS-HTML\Imagint\hague.htm --> hia.net /kjsmith/imagint hague.htm
99.06.12 16:30 B D:\Comm\KJS-HTML\Imagint\Imagint.htm --> hia.net /kjsmith/imagint Imagint.htm
99.06.12 16:30 B D:\Comm\KJS-HTML\Imagint\imagint1.htm --> hia.net /kjsmith/imagint imagint1.htm
99.06.12 16:30 B D:\Comm\KJS-HTML\Imagint\imagint2.htm --> hia.net /kjsmith/imagint imagint2.htm
99.06.12 16:30 B D:\Comm\KJS-HTML\Imagint\IREKEV.HTM --> hia.net /kjsmith/imagint IREKEV.HTM
99.06.12 16:30 B D:\Comm\KJS-HTML\Imagint\IRELAND.HTM --> hia.net /kjsmith/imagint IRELAND.HTM
99.06.12 16:30 B D:\Comm\KJS-HTML\Imagint\ireland2.htm --> hia.net /kjsmith/imagint ireland2.htm
99.06.12 16:30 B D:\Comm\KJS-HTML\Imagint\NEFER.HTM --> hia.net /kjsmith/imagint NEFER.HTM
99.06.12 16:31 B D:\Comm\KJS-HTML\Imagint\petra.htm --> hia.net /kjsmith/imagint petra.htm
99.06.12 16:31 B D:\Comm\KJS-HTML\Imagint\TUNISIA.HTM --> hia.net /kjsmith/imagint TUNISIA.HTM
99.06.22 22:55 B D:\Comm\KJS-HTML\Imagint\ALGERIA.HTM --> hia.net /kjsmith/imagint ALGERIA.HTM
99.06.22 22:55 B D:\Comm\KJS-HTML\Imagint\BAires.htm --> hia.net /kjsmith/imagint BAires.htm
99.06.22 22:55 B D:\Comm\KJS-HTML\Imagint\BOLIVIA.HTM --> hia.net /kjsmith/imagint BOLIVIA.HTM
99.06.22 22:55 B D:\Comm\KJS-HTML\Imagint\bolivia2.htm --> hia.net /kjsmith/imagint bolivia2.htm
99.06.22 22:56 B D:\Comm\KJS-HTML\Imagint\china1.HTM --> hia.net /kjsmith/imagint china1.HTM
99.06.22 22:56 B D:\Comm\KJS-HTML\Imagint\china2.htm --> hia.net /kjsmith/imagint china2.htm
99.06.22 22:56 B D:\Comm\KJS-HTML\Imagint\china3.htm --> hia.net /kjsmith/imagint china3.htm
99.06.22 22:56 B D:\Comm\KJS-HTML\Imagint\COLMAR.HTM --> hia.net /kjsmith/imagint COLMAR.HTM
99.06.22 22:56 B D:\Comm\KJS-HTML\Imagint\CONGO.HTM --> hia.net /kjsmith/imagint CONGO.HTM
99.06.22 22:56 B D:\Comm\KJS-HTML\Imagint\CONGO2.HTM --> hia.net /kjsmith/imagint CONGO2.HTM
99.06.22 22:56 B D:\Comm\KJS-HTML\Imagint\deadsea.htm --> hia.net /kjsmith/imagint deadsea.htm
99.06.22 22:56 B D:\Comm\KJS-HTML\Imagint\ECUADOR.HTM --> hia.net /kjsmith/imagint ECUADOR.HTM
99.06.22 22:56 B D:\Comm\KJS-HTML\Imagint\ECUADOR2.HTM --> hia.net /kjsmith/imagint ECUADOR2.HTM
99.06.22 22:56 B D:\Comm\KJS-HTML\Imagint\EGYPT.HTM --> hia.net /kjsmith/imagint EGYPT.HTM
99.06.22 22:56 B D:\Comm\KJS-HTML\Imagint\FRPARIS.HTM --> hia.net /kjsmith/imagint FRPARIS.HTM
99.06.22 22:56 B D:\Comm\KJS-HTML\Imagint\GHARDAIA.HTM --> hia.net /kjsmith/imagint GHARDAIA.HTM
99.06.22 22:56 B D:\Comm\KJS-HTML\Imagint\hague.htm --> hia.net /kjsmith/imagint hague.htm
99.06.22 22:56 B D:\Comm\KJS-HTML\Imagint\imagint0.htm --> hia.net /kjsmith/imagint imagint0.htm
99.06.22 22:56 B D:\Comm\KJS-HTML\Imagint\imagint1.htm --> hia.net /kjsmith/imagint imagint1.htm
99.06.22 22:56 B D:\Comm\KJS-HTML\Imagint\imagint2.htm --> hia.net /kjsmith/imagint imagint2.htm
99.06.22 22:56 B D:\Comm\KJS-HTML\Imagint\IREKEV.HTM --> hia.net /kjsmith/imagint IREKEV.HTM
99.06.22 22:56 B D:\Comm\KJS-HTML\Imagint\IRELAND.HTM --> hia.net /kjsmith/imagint IRELAND.HTM
99.06.22 22:56 B D:\Comm\KJS-HTML\Imagint\ireland2.htm --> hia.net /kjsmith/imagint ireland2.htm
99.06.22 22:56 B D:\Comm\KJS-HTML\Imagint\NEFER.HTM --> hia.net /kjsmith/imagint NEFER.HTM
99.06.22 22:56 B D:\Comm\KJS-HTML\Imagint\petra.htm --> hia.net /kjsmith/imagint petra.htm
99.06.22 22:56 B D:\Comm\KJS-HTML\Imagint\TUNISIA.HTM --> hia.net /kjsmith/imagint TUNISIA.HTM
99.06.26 21:40 B D:\Comm\KJS-HTML\Imagint\imagint0.htm --> hia.net /kjsmith/imagint imagint0.htm
99.06.26 21:46 B D:\Comm\KJS-HTML\Imagint\imagint0.htm --> hia.net /kjsmith/imagint imagint0.htm
99.12.20 13:36 B D:\Comm\KJS-HTML\Imagint\ALGERIA.HTM --> hia.net /kjsmith/imagint ALGERIA.HTM
99.12.20 13:36 B D:\Comm\KJS-HTML\Imagint\BAires.htm --> hia.net /kjsmith/imagint BAires.htm
99.12.20 13:36 B D:\Comm\KJS-HTML\Imagint\BOLIVIA.HTM --> hia.net /kjsmith/imagint BOLIVIA.HTM
99.12.20 13:36 B D:\Comm\KJS-HTML\Imagint\bolivia2.htm --> hia.net /kjsmith/imagint bolivia2.htm
99.12.20 13:36 B D:\Comm\KJS-HTML\Imagint\china1.HTM --> hia.net /kjsmith/imagint china1.HTM
99.12.20 13:36 B D:\Comm\KJS-HTML\Imagint\china2.htm --> hia.net /kjsmith/imagint china2.htm
99.12.20 13:36 B D:\Comm\KJS-HTML\Imagint\china3.htm --> hia.net /kjsmith/imagint china3.htm
99.12.20 13:36 B D:\Comm\KJS-HTML\Imagint\COLMAR.HTM --> hia.net /kjsmith/imagint COLMAR.HTM
99.12.20 13:36 B D:\Comm\KJS-HTML\Imagint\CONGO.HTM --> hia.net /kjsmith/imagint CONGO.HTM
99.12.20 13:36 B D:\Comm\KJS-HTML\Imagint\CONGO2.HTM --> hia.net /kjsmith/imagint CONGO2.HTM
99.12.20 13:36 B D:\Comm\KJS-HTML\Imagint\deadsea.htm --> hia.net /kjsmith/imagint deadsea.htm
99.12.20 13:36 B D:\Comm\KJS-HTML\Imagint\ECUADOR.HTM --> hia.net /kjsmith/imagint ECUADOR.HTM
99.12.20 13:36 B D:\Comm\KJS-HTML\Imagint\ECUADOR2.HTM --> hia.net /kjsmith/imagint ECUADOR2.HTM
99.12.20 13:36 B D:\Comm\KJS-HTML\Imagint\EGYPT.HTM --> hia.net /kjsmith/imagint EGYPT.HTM
99.12.20 13:36 B D:\Comm\KJS-HTML\Imagint\FRPARIS.HTM --> hia.net /kjsmith/imagint FRPARIS.HTM
99.12.20 13:36 B D:\Comm\KJS-HTML\Imagint\GHARDAIA.HTM --> hia.net /kjsmith/imagint GHARDAIA.HTM
99.12.20 13:36 B D:\Comm\KJS-HTML\Imagint\hague.htm --> hia.net /kjsmith/imagint hague.htm
99.12.20 13:36 B D:\Comm\KJS-HTML\Imagint\Imagint.htm --> hia.net /kjsmith/imagint Imagint.htm
99.12.20 13:36 B D:\Comm\KJS-HTML\Imagint\imagint0.htm --> hia.net /kjsmith/imagint imagint0.htm
99.12.20 13:36 B D:\Comm\KJS-HTML\Imagint\imagint1.htm --> hia.net /kjsmith/imagint imagint1.htm
99.12.20 13:36 B D:\Comm\KJS-HTML\Imagint\imagint2.htm --> hia.net /kjsmith/imagint imagint2.htm
99.12.20 13:36 B D:\Comm\KJS-HTML\Imagint\IREKEV.HTM --> hia.net /kjsmith/imagint IREKEV.HTM
99.12.20 13:36 B D:\Comm\KJS-HTML\Imagint\IRELAND.HTM --> hia.net /kjsmith/imagint IRELAND.HTM
99.12.20 13:36 B D:\Comm\KJS-HTML\Imagint\ireland2.htm --> hia.net /kjsmith/imagint ireland2.htm
99.12.20 13:36 B D:\Comm\KJS-HTML\Imagint\NEFER.HTM --> hia.net /kjsmith/imagint NEFER.HTM
99.12.20 13:36 B D:\Comm\KJS-HTML\Imagint\petra.htm --> hia.net /kjsmith/imagint petra.htm
99.12.20 13:36 B D:\Comm\KJS-HTML\Imagint\TUNISIA.HTM --> hia.net /kjsmith/imagint TUNISIA.HTM
100.01.28 21:11 B D:\Comm\KJS-HTML\Imagint\china1.HTM --> hia.net /kjsmith/imagint china1.HTM
100.02.25 11:11 B D:\Comm\KJS-HTML\Imagint\imagint1.htm --> hia.net /kjsmith/imagint imagint1.htm
100.02.25 11:11 B D:\Comm\KJS-HTML\Imagint\dhk1.htm --> hia.net /kjsmith/imagint dhk1.htm
100.02.25 11:12 B D:\Comm\KJS-HTML\Imagint\dhk1.jpg --> hia.net /kjsmith/imagint dhk1.jpg
100.02.25 11:12 B D:\Comm\KJS-HTML\Imagint\dhk1th.jpg --> hia.net /kjsmith/imagint dhk1th.jpg
100.02.25 11:12 B D:\Comm\KJS-HTML\Imagint\dhk2.htm --> hia.net /kjsmith/imagint dhk2.htm
100.02.25 11:12 B D:\Comm\KJS-HTML\Imagint\dhk2.jpg --> hia.net /kjsmith/imagint dhk2.jpg
100.02.25 11:12 B D:\Comm\KJS-HTML\Imagint\dhk2th.jpg --> hia.net /kjsmith/imagint dhk2th.jpg
100.02.25 11:19 B D:\Comm\KJS-HTML\Imagint\dhk1.htm --> hia.net /kjsmith/imagint dhk1.htm
100.02.25 11:19 B D:\Comm\KJS-HTML\Imagint\dhk1.jpg --> hia.net /kjsmith/imagint dhk1.jpg
100.02.25 11:19 B D:\Comm\KJS-HTML\Imagint\dhk1th.jpg --> hia.net /kjsmith/imagint dhk1th.jpg
100.02.25 11:19 B D:\Comm\KJS-HTML\Imagint\dhk2.htm --> hia.net /kjsmith/imagint dhk2.htm
100.02.25 11:19 B D:\Comm\KJS-HTML\Imagint\dhk2.jpg --> hia.net /kjsmith/imagint dhk2.jpg
100.02.25 11:19 B D:\Comm\KJS-HTML\Imagint\dhk2th.jpg --> hia.net /kjsmith/imagint dhk2th.jpg
100.02.25 11:20 B D:\Comm\KJS-HTML\Imagint\imagint1.htm --> hia.net /kjsmith/imagint imagint1.htm
100.02.25 11:26 B D:\Comm\KJS-HTML\Imagint\dhk1.htm --> hia.net /kjsmith/imagint dhk1.htm
100.02.25 11:26 B D:\Comm\KJS-HTML\Imagint\dhk2.htm --> hia.net /kjsmith/imagint dhk2.htm
100.10.11 18:37 B D:\Comm\KJS-HTML\Imagint\imagint1.htm --> hia.net /kjsmith/imagint imagint1.htm
100.10.11 18:37 B D:\Comm\KJS-HTML\Imagint\ppopolo.htm --> hia.net /kjsmith/imagint ppopolo.htm
100.10.11 18:37 B D:\Comm\KJS-HTML\Imagint\Ppopolo.jpg --> hia.net /kjsmith/imagint Ppopolo.jpg
100.10.11 18:37 B D:\Comm\KJS-HTML\Imagint\Ppopoloth.jpg --> hia.net /kjsmith/imagint Ppopoloth.jpg
100.10.11 18:37 B D:\Comm\KJS-HTML\Imagint\sanvitale.htm --> hia.net /kjsmith/imagint sanvitale.htm
100.10.11 18:38 B D:\Comm\KJS-HTML\Imagint\SanVitale.jpg --> hia.net /kjsmith/imagint SanVitale.jpg
100.10.11 18:38 B D:\Comm\KJS-HTML\Imagint\SanVitaleth.jpg --> hia.net /kjsmith/imagint SanVitaleth.jpg
100.10.11 21:00 B D:\Comm\KJS-HTML\Imagint\imagint1.htm --> hia.net /kjsmith/imagint imagint1.htm
100.10.11 21:00 B D:\Comm\KJS-HTML\Imagint\imagint1.htm --> hia.net /kjsmith/imagint imagint1.htm
100.10.11 21:07 B D:\Comm\KJS-HTML\Imagint\ghardaia.jpg --> hia.net /kjsmith/imagint ghardaia.jpg
100.10.11 21:07 B D:\Comm\KJS-HTML\Imagint\GHARTN.JPG --> hia.net /kjsmith/imagint GHARTN.JPG
100.10.11 21:08 B D:\Comm\KJS-HTML\Imagint\imagint1.htm --> hia.net /kjsmith/imagint imagint1.htm
100.12.22 10:16 B D:\Comm\KJS-HTML\Imagint\ECUADOR2.HTM --> hia.net /kjsmith/imagint ECUADOR2.HTM
100.12.22 10:22 B D:\Comm\KJS-HTML\Imagint\COLM.JPG --> hia.net /kjsmith/imagint COLM.JPG
100.12.22 10:24 B D:\Comm\KJS-HTML\Imagint\IREKVTN.JPG --> hia.net /kjsmith/imagint IREKVTN.JPG
100.12.22 10:51 B D:\Comm\KJS-HTML\Imagint\E1.JPG --> hia.net /kjsmith/imagint E1.JPG
100.12.22 10:51 B D:\Comm\KJS-HTML\Imagint\vendor.jpg <-- hia /kjsmith/imagint vendor.jpg
101.11.04 09:58 B D:\Comm\KJS-HTML\Imagint\dhk1.htm --> hia.net /kjsmith/imagint dhk1.htm
101.11.22 16:08 B D:\Comm\KJS-HTML\Imagint\Ecuador3.jpg --> hia.net /kjsmith/imagint Ecuador3.jpg
101.11.22 16:11 B D:\Comm\KJS-HTML\Imagint\ECUADOR4.JPG --> hia.net /kjsmith/imagint ECUADOR4.JPG
101.12.09 20:36 B D:\Comm\KJS-HTML\Imagint\imagint1.htm --> hia.net /kjsmith/imagint imagint1.htm
101.12.09 20:36 B D:\Comm\KJS-HTML\Imagint\imagint2.htm --> hia.net /kjsmith/imagint imagint2.htm
101.12.09 20:36 B D:\Comm\KJS-HTML\Imagint\India1.htm --> hia.net /kjsmith/imagint India1.htm
101.12.09 20:36 B D:\Comm\KJS-HTML\Imagint\india1.jpg --> hia.net /kjsmith/imagint india1.jpg
101.12.09 20:36 B D:\Comm\KJS-HTML\Imagint\india1t.jpg --> hia.net /kjsmith/imagint india1t.jpg
101.12.09 20:36 B D:\Comm\KJS-HTML\Imagint\India2.htm --> hia.net /kjsmith/imagint India2.htm
101.12.09 20:36 B D:\Comm\KJS-HTML\Imagint\india2.jpg --> hia.net /kjsmith/imagint india2.jpg
101.12.09 20:36 B D:\Comm\KJS-HTML\Imagint\india2t.jpg --> hia.net /kjsmith/imagint india2t.jpg
102.03.15 10:24 B D:\Comm\KJS-HTML\Imagint\imagint1.htm --> hia.net /kjsmith imagint1.htm
102.03.15 10:24 B D:\Comm\KJS-HTML\Imagint\imagint1.htm --> hia.net /kjsmith imagint1.htm
102.03.15 10:25 B D:\Comm\KJS-HTML\Imagint\imagint1.htm --> hia.net /kjsmith/imagint imagint1.htm
102.03.15 10:26 B D:\Comm\KJS-HTML\Imagint\PuertoNapo.htm --> hia.net /kjsmith/imagint PuertoNapo.htm
102.03.15 10:26 B D:\Comm\KJS-HTML\Imagint\PuertoNapo.jpg --> hia.net /kjsmith/imagint PuertoNapo.jpg
102.03.15 10:26 B D:\Comm\KJS-HTML\Imagint\PuertoNapo.htm --> hia.net /kjsmith/imagint PuertoNapo.htm
102.03.15 10:26 B D:\Comm\KJS-HTML\Imagint\PuertoNapo.jpg --> hia.net /kjsmith/imagint PuertoNapo.jpg
102.03.15 10:26 B D:\Comm\KJS-HTML\Imagint\PuertoNapo.jpg --> hia.net /kjsmith/imagint PuertoNapo.jpg
102.03.15 10:28 B D:\Comm\KJS-HTML\Imagint\PuertoNapo.jpg --> hia.net /kjsmith/imagint PuertoNapo.jpg
102.03.15 10:29 B D:\Comm\KJS-HTML\Imagint\PuertoNapoT.jpg --> hia.net /kjsmith/imagint PuertoNapoT.jpg
102.03.15 10:29 B D:\Comm\KJS-HTML\Imagint\Pungarayacu.htm --> hia.net /kjsmith/imagint Pungarayacu.htm
102.03.15 10:29 B D:\Comm\KJS-HTML\Imagint\Pungarayacu.jpg --> hia.net /kjsmith/imagint Pungarayacu.jpg
102.03.15 10:29 B D:\Comm\KJS-HTML\Imagint\PungarayacuT.jpg --> hia.net /kjsmith/imagint PungarayacuT.jpg
102.03.15 10:31 B D:\Comm\KJS-HTML\Imagint\imagint1.htm --> hia.net /kjsmith/imagint imagint1.htm
