99.06.12 16:40 B D:\Comm\KJS-HTML\Stories\ADAMS.HTM --> hia.net /kjsmith/stories ADAMS.HTM
99.06.12 16:40 B D:\Comm\KJS-HTML\Stories\BEAR.HTM --> hia.net /kjsmith/stories BEAR.HTM
99.06.12 16:40 B D:\Comm\KJS-HTML\Stories\BIGHORN.HTM --> hia.net /kjsmith/stories BIGHORN.HTM
99.06.12 16:40 B D:\Comm\KJS-HTML\Stories\ECLIPSE.HTM --> hia.net /kjsmith/stories ECLIPSE.HTM
99.06.12 16:40 B D:\Comm\KJS-HTML\Stories\FISH.HTM --> hia.net /kjsmith/stories FISH.HTM
99.06.12 16:40 B D:\Comm\KJS-HTML\Stories\FLIGHT.HTM --> hia.net /kjsmith/stories FLIGHT.HTM
99.06.12 16:40 B D:\Comm\KJS-HTML\Stories\GOLD.HTM --> hia.net /kjsmith/stories GOLD.HTM
99.06.12 16:40 B D:\Comm\KJS-HTML\Stories\HAWAII.HTM --> hia.net /kjsmith/stories HAWAII.HTM
99.06.12 16:40 B D:\Comm\KJS-HTML\Stories\HAWK.HTM --> hia.net /kjsmith/stories HAWK.HTM
99.06.12 16:41 B D:\Comm\KJS-HTML\Stories\HELENS.HTM --> hia.net /kjsmith/stories HELENS.HTM
99.06.12 16:41 B D:\Comm\KJS-HTML\Stories\MISSOULA.HTM --> hia.net /kjsmith/stories MISSOULA.HTM
99.06.12 16:41 B D:\Comm\KJS-HTML\Stories\PINS.HTM --> hia.net /kjsmith/stories PINS.HTM
99.06.12 16:41 B D:\Comm\KJS-HTML\Stories\ROSARIO.HTM --> hia.net /kjsmith/stories ROSARIO.HTM
99.06.12 16:41 B D:\Comm\KJS-HTML\Stories\SAHARA.HTM --> hia.net /kjsmith/stories SAHARA.HTM
99.06.12 16:41 B D:\Comm\KJS-HTML\Stories\STORIES.HTM --> hia.net /kjsmith/stories STORIES.HTM
99.06.12 16:41 B D:\Comm\KJS-HTML\Stories\SUNRISE.HTM --> hia.net /kjsmith/stories SUNRISE.HTM
99.06.12 16:41 B D:\Comm\KJS-HTML\Stories\TOUR.HTM --> hia.net /kjsmith/stories TOUR.HTM
99.06.12 16:41 B D:\Comm\KJS-HTML\Stories\WITCH.HTM --> hia.net /kjsmith/stories WITCH.HTM
99.06.24 20:56 B D:\Comm\KJS-HTML\Stories\ADAMS.HTM --> hia.net /kjsmith/stories ADAMS.HTM
99.06.24 20:56 B D:\Comm\KJS-HTML\Stories\BEAR.HTM --> hia.net /kjsmith/stories BEAR.HTM
99.06.24 20:56 B D:\Comm\KJS-HTML\Stories\BIGHORN.HTM --> hia.net /kjsmith/stories BIGHORN.HTM
99.06.24 20:56 B D:\Comm\KJS-HTML\Stories\E1SNAP.JPG --> hia.net /kjsmith/stories E1SNAP.JPG
99.06.24 20:56 B D:\Comm\KJS-HTML\Stories\ECLIPSE.HTM --> hia.net /kjsmith/stories ECLIPSE.HTM
99.06.24 20:56 B D:\Comm\KJS-HTML\Stories\eclipse.jpg --> hia.net /kjsmith/stories eclipse.jpg
99.06.24 20:56 B D:\Comm\KJS-HTML\Stories\FISH.HTM --> hia.net /kjsmith/stories FISH.HTM
99.06.24 20:56 B D:\Comm\KJS-HTML\Stories\FLIGHT.HTM --> hia.net /kjsmith/stories FLIGHT.HTM
99.06.24 20:56 B D:\Comm\KJS-HTML\Stories\GOLD.HTM --> hia.net /kjsmith/stories GOLD.HTM
99.06.24 20:56 B D:\Comm\KJS-HTML\Stories\HAWAII.HTM --> hia.net /kjsmith/stories HAWAII.HTM
99.06.24 20:56 B D:\Comm\KJS-HTML\Stories\HAWK.HTM --> hia.net /kjsmith/stories HAWK.HTM
99.06.24 20:56 B D:\Comm\KJS-HTML\Stories\HELENS.HTM --> hia.net /kjsmith/stories HELENS.HTM
99.06.24 20:56 B D:\Comm\KJS-HTML\Stories\MISSOULA.HTM --> hia.net /kjsmith/stories MISSOULA.HTM
99.06.24 20:57 B D:\Comm\KJS-HTML\Stories\PINS.HTM --> hia.net /kjsmith/stories PINS.HTM
99.06.24 20:57 B D:\Comm\KJS-HTML\Stories\ROSARIO.HTM --> hia.net /kjsmith/stories ROSARIO.HTM
99.06.24 20:57 B D:\Comm\KJS-HTML\Stories\SAHARA.HTM --> hia.net /kjsmith/stories SAHARA.HTM
99.06.24 20:57 B D:\Comm\KJS-HTML\Stories\STORIES.HTM --> hia.net /kjsmith/stories STORIES.HTM
99.06.24 20:57 B D:\Comm\KJS-HTML\Stories\SUNRISE.HTM --> hia.net /kjsmith/stories SUNRISE.HTM
99.06.24 20:57 B D:\Comm\KJS-HTML\Stories\TOUR.HTM --> hia.net /kjsmith/stories TOUR.HTM
99.06.24 20:57 B D:\Comm\KJS-HTML\Stories\WITCH.HTM --> hia.net /kjsmith/stories WITCH.HTM
99.12.12 11:46 B D:\Comm\KJS-HTML\Stories\eclipse.jpg --> hia.net /kjsmith/stories eclipse.jpg
99.12.20 13:45 B D:\Comm\KJS-HTML\Stories\ADAMS.HTM --> hia.net /kjsmith/stories ADAMS.HTM
99.12.20 13:45 B D:\Comm\KJS-HTML\Stories\BEAR.HTM --> hia.net /kjsmith/stories BEAR.HTM
99.12.20 13:45 B D:\Comm\KJS-HTML\Stories\BIGHORN.HTM --> hia.net /kjsmith/stories BIGHORN.HTM
99.12.20 13:45 B D:\Comm\KJS-HTML\Stories\ECLIPSE.HTM --> hia.net /kjsmith/stories ECLIPSE.HTM
99.12.20 13:45 B D:\Comm\KJS-HTML\Stories\FISH.HTM --> hia.net /kjsmith/stories FISH.HTM
99.12.20 13:45 B D:\Comm\KJS-HTML\Stories\FLIGHT.HTM --> hia.net /kjsmith/stories FLIGHT.HTM
99.12.20 13:45 B D:\Comm\KJS-HTML\Stories\GOLD.HTM --> hia.net /kjsmith/stories GOLD.HTM
99.12.20 13:45 B D:\Comm\KJS-HTML\Stories\HAWAII.HTM --> hia.net /kjsmith/stories HAWAII.HTM
99.12.20 13:45 B D:\Comm\KJS-HTML\Stories\HAWK.HTM --> hia.net /kjsmith/stories HAWK.HTM
99.12.20 13:45 B D:\Comm\KJS-HTML\Stories\HELENS.HTM --> hia.net /kjsmith/stories HELENS.HTM
99.12.20 13:45 B D:\Comm\KJS-HTML\Stories\MISSOULA.HTM --> hia.net /kjsmith/stories MISSOULA.HTM
99.12.20 13:45 B D:\Comm\KJS-HTML\Stories\PINS.HTM --> hia.net /kjsmith/stories PINS.HTM
99.12.20 13:45 B D:\Comm\KJS-HTML\Stories\ROSARIO.HTM --> hia.net /kjsmith/stories ROSARIO.HTM
99.12.20 13:45 B D:\Comm\KJS-HTML\Stories\SAHARA.HTM --> hia.net /kjsmith/stories SAHARA.HTM
99.12.20 13:46 B D:\Comm\KJS-HTML\Stories\STORIES.HTM --> hia.net /kjsmith/stories STORIES.HTM
99.12.20 13:46 B D:\Comm\KJS-HTML\Stories\SUNRISE.HTM --> hia.net /kjsmith/stories SUNRISE.HTM
99.12.20 13:46 B D:\Comm\KJS-HTML\Stories\TOUR.HTM --> hia.net /kjsmith/stories TOUR.HTM
99.12.20 13:46 B D:\Comm\KJS-HTML\Stories\WITCH.HTM --> hia.net /kjsmith/stories WITCH.HTM
100.01.03 08:35 B D:\Comm\KJS-HTML\Stories\ADAMS.HTM --> hia.net /kjsmith/stories ADAMS.HTM
100.01.03 08:35 B D:\Comm\KJS-HTML\Stories\BEAR.HTM --> hia.net /kjsmith/stories BEAR.HTM
100.01.03 08:35 B D:\Comm\KJS-HTML\Stories\BIGHORN.HTM --> hia.net /kjsmith/stories BIGHORN.HTM
100.01.03 08:35 B D:\Comm\KJS-HTML\Stories\ECLIPSE.HTM --> hia.net /kjsmith/stories ECLIPSE.HTM
100.01.03 08:35 B D:\Comm\KJS-HTML\Stories\FISH.HTM --> hia.net /kjsmith/stories FISH.HTM
100.01.03 08:35 B D:\Comm\KJS-HTML\Stories\FLIGHT.HTM --> hia.net /kjsmith/stories FLIGHT.HTM
100.01.03 08:35 B D:\Comm\KJS-HTML\Stories\GOLD.HTM --> hia.net /kjsmith/stories GOLD.HTM
100.01.03 08:35 B D:\Comm\KJS-HTML\Stories\HAWAII.HTM --> hia.net /kjsmith/stories HAWAII.HTM
100.01.03 08:35 B D:\Comm\KJS-HTML\Stories\HAWK.HTM --> hia.net /kjsmith/stories HAWK.HTM
100.01.03 08:35 B D:\Comm\KJS-HTML\Stories\HELENS.HTM --> hia.net /kjsmith/stories HELENS.HTM
100.01.03 08:35 B D:\Comm\KJS-HTML\Stories\MISSOULA.HTM --> hia.net /kjsmith/stories MISSOULA.HTM
100.01.03 08:35 B D:\Comm\KJS-HTML\Stories\PINS.HTM --> hia.net /kjsmith/stories PINS.HTM
100.01.03 08:35 B D:\Comm\KJS-HTML\Stories\ROSARIO.HTM --> hia.net /kjsmith/stories ROSARIO.HTM
100.01.03 08:35 B D:\Comm\KJS-HTML\Stories\SAHARA.HTM --> hia.net /kjsmith/stories SAHARA.HTM
100.01.03 08:35 B D:\Comm\KJS-HTML\Stories\STORIES.HTM --> hia.net /kjsmith/stories STORIES.HTM
100.01.03 08:35 B D:\Comm\KJS-HTML\Stories\SUNRISE.HTM --> hia.net /kjsmith/stories SUNRISE.HTM
100.01.03 08:35 B D:\Comm\KJS-HTML\Stories\TOUR.HTM --> hia.net /kjsmith/stories TOUR.HTM
100.01.03 08:35 B D:\Comm\KJS-HTML\Stories\WITCH.HTM --> hia.net /kjsmith/stories WITCH.HTM
100.01.09 16:16 B D:\Comm\KJS-HTML\Stories\ECLIPSE.HTM --> hia.net /kjsmith/stories ECLIPSE.HTM
101.01.21 17:36 B D:\Comm\KJS-HTML\Stories\ADAMS.HTM --> hia.net /kjsmith/stories ADAMS.HTM
101.01.21 17:36 B D:\Comm\KJS-HTML\Stories\BEAR.HTM --> hia.net /kjsmith/stories BEAR.HTM
101.01.21 17:36 B D:\Comm\KJS-HTML\Stories\BIGHORN.HTM --> hia.net /kjsmith/stories BIGHORN.HTM
101.01.21 17:36 B D:\Comm\KJS-HTML\Stories\ECLIPSE.HTM --> hia.net /kjsmith/stories ECLIPSE.HTM
101.01.21 17:36 B D:\Comm\KJS-HTML\Stories\FISH.HTM --> hia.net /kjsmith/stories FISH.HTM
101.01.21 17:36 B D:\Comm\KJS-HTML\Stories\FLIGHT.HTM --> hia.net /kjsmith/stories FLIGHT.HTM
101.01.21 17:36 B D:\Comm\KJS-HTML\Stories\GOLD.HTM --> hia.net /kjsmith/stories GOLD.HTM
101.01.21 17:36 B D:\Comm\KJS-HTML\Stories\HAWAII.HTM --> hia.net /kjsmith/stories HAWAII.HTM
101.01.21 17:36 B D:\Comm\KJS-HTML\Stories\HAWK.HTM --> hia.net /kjsmith/stories HAWK.HTM
101.01.21 17:36 B D:\Comm\KJS-HTML\Stories\HELENS.HTM --> hia.net /kjsmith/stories HELENS.HTM
101.01.21 17:36 B D:\Comm\KJS-HTML\Stories\MISSOULA.HTM --> hia.net /kjsmith/stories MISSOULA.HTM
101.01.21 17:36 B D:\Comm\KJS-HTML\Stories\PINS.HTM --> hia.net /kjsmith/stories PINS.HTM
101.01.21 17:36 B D:\Comm\KJS-HTML\Stories\ROSARIO.HTM --> hia.net /kjsmith/stories ROSARIO.HTM
101.01.21 17:37 B D:\Comm\KJS-HTML\Stories\SAHARA.HTM --> hia.net /kjsmith/stories SAHARA.HTM
101.01.21 17:37 B D:\Comm\KJS-HTML\Stories\STORIES.HTM --> hia.net /kjsmith/stories STORIES.HTM
101.01.21 17:37 B D:\Comm\KJS-HTML\Stories\SUNRISE.HTM --> hia.net /kjsmith/stories SUNRISE.HTM
101.01.21 17:37 B D:\Comm\KJS-HTML\Stories\TOUR.HTM --> hia.net /kjsmith/stories TOUR.HTM
101.01.21 17:37 B D:\Comm\KJS-HTML\Stories\WITCH.HTM --> hia.net /kjsmith/stories WITCH.HTM
